{"C:\\Users\\Fahri\\OneDrive\\Masaüstü\\oyun\\frontend\\vitest.config.ts": {"path":"C:\\Users\\Fahri\\OneDrive\\Masaüstü\\oyun\\frontend\\vitest.config.ts","all":true,"statementMap":{"0":{"start":{"line":1,"column":0},"end":{"line":1,"column":45}},"1":{"start":{"line":2,"column":0},"end":{"line":2,"column":41}},"2":{"start":{"line":3,"column":0},"end":{"line":3,"column":24}},"3":{"start":{"line":4,"column":0},"end":{"line":4,"column":0}},"4":{"start":{"line":5,"column":0},"end":{"line":5,"column":29}},"5":{"start":{"line":6,"column":0},"end":{"line":6,"column":21}},"6":{"start":{"line":7,"column":0},"end":{"line":7,"column":9}},"7":{"start":{"line":8,"column":0},"end":{"line":8,"column":18}},"8":{"start":{"line":9,"column":0},"end":{"line":9,"column":25}},"9":{"start":{"line":10,"column":0},"end":{"line":10,"column":19}},"10":{"start":{"line":11,"column":0},"end":{"line":11,"column":18}},"11":{"start":{"line":12,"column":0},"end":{"line":12,"column":19}},"12":{"start":{"line":13,"column":0},"end":{"line":13,"column":15}},"13":{"start":{"line":14,"column":0},"end":{"line":14,"column":21}},"14":{"start":{"line":15,"column":0},"end":{"line":15,"column":41}},"15":{"start":{"line":16,"column":0},"end":{"line":16,"column":16}},"16":{"start":{"line":17,"column":0},"end":{"line":17,"column":24}},"17":{"start":{"line":18,"column":0},"end":{"line":18,"column":27}},"18":{"start":{"line":19,"column":0},"end":{"line":19,"column":28}},"19":{"start":{"line":20,"column":0},"end":{"line":20,"column":8}},"20":{"start":{"line":21,"column":0},"end":{"line":21,"column":6}},"21":{"start":{"line":22,"column":0},"end":{"line":22,"column":4}},"22":{"start":{"line":23,"column":0},"end":{"line":23,"column":12}},"23":{"start":{"line":24,"column":0},"end":{"line":24,"column":12}},"24":{"start":{"line":25,"column":0},"end":{"line":25,"column":44}},"25":{"start":{"line":26,"column":0},"end":{"line":26,"column":6}},"26":{"start":{"line":27,"column":0},"end":{"line":27,"column":4}},"27":{"start":{"line":28,"column":0},"end":{"line":28,"column":3}}},"s":{"0":0,"1":0,"2":0,"3":0,"4":0,"5":0,"6":0,"7":0,"8":0,"9":0,"10":0,"11":0,"12":0,"13":0,"14":0,"15":0,"16":0,"17":0,"18":0,"19":0,"20":0,"21":0,"22":0,"23":0,"24":0,"25":0,"26":0,"27":0},"branchMap":{"0":{"type":"branch","line":1,"loc":{"start":{"line":1,"column":0},"end":{"line":28,"column":3}},"locations":[{"start":{"line":1,"column":0},"end":{"line":28,"column":3}}]}},"b":{"0":[0]},"fnMap":{"0":{"name":"(empty-report)","decl":{"start":{"line":1,"column":0},"end":{"line":28,"column":3}},"loc":{"start":{"line":1,"column":0},"end":{"line":28,"column":3}},"line":1}},"f":{"0":0}}
,"C:\\Users\\Fahri\\OneDrive\\Masaüstü\\oyun\\frontend\\dist\\assets\\index-BkKuu4GW.js": {"path":"C:\\Users\\Fahri\\OneDrive\\Masaüstü\\oyun\\frontend\\dist\\assets\\index-BkKuu4GW.js","all":true,"statementMap":{"0":{"start":{"line":1,"column":0},"end":{"line":1,"column":20743}},"1":{"start":{"line":2,"column":0},"end":{"line":2,"column":75}},"2":{"start":{"line":3,"column":0},"end":{"line":3,"column":994}},"3":{"start":{"line":4,"column":0},"end":{"line":4,"column":14}},"4":{"start":{"line":5,"column":0},"end":{"line":5,"column":329}},"5":{"start":{"line":6,"column":0},"end":{"line":6,"column":698}},"6":{"start":{"line":7,"column":0},"end":{"line":7,"column":37}},"7":{"start":{"line":8,"column":0},"end":{"line":8,"column":133836}},"8":{"start":{"line":9,"column":0},"end":{"line":9,"column":53906}},"9":{"start":{"line":10,"column":0},"end":{"line":10,"column":2869}},"10":{"start":{"line":11,"column":0},"end":{"line":11,"column":12160}},"11":{"start":{"line":12,"column":0},"end":{"line":12,"column":18}},"12":{"start":{"line":13,"column":0},"end":{"line":13,"column":2253}},"13":{"start":{"line":14,"column":0},"end":{"line":14,"column":155705}},"14":{"start":{"line":15,"column":0},"end":{"line":15,"column":31916}}},"s":{"0":0,"1":0,"2":0,"3":0,"4":0,"5":0,"6":0,"7":0,"8":0,"9":0,"10":0,"11":0,"12":0,"13":0,"14":0},"branchMap":{"0":{"type":"branch","line":1,"loc":{"start":{"line":1,"column":0},"end":{"line":15,"column":31916}},"locations":[{"start":{"line":1,"column":0},"end":{"line":15,"column":31916}}]}},"b":{"0":[0]},"fnMap":{"0":{"name":"(empty-report)","decl":{"start":{"line":1,"column":0},"end":{"line":15,"column":31916}},"loc":{"start":{"line":1,"column":0},"end":{"line":15,"column":31916}},"line":1}},"f":{"0":0}}
,"C:\\Users\\Fahri\\OneDrive\\Masaüstü\\oyun\\frontend\\src\\App.tsx": {"path":"C:\\Users\\Fahri\\OneDrive\\Masaüstü\\oyun\\frontend\\src\\App.tsx","all":true,"statementMap":{"0":{"start":{"line":1,"column":0},"end":{"line":1,"column":34}},"1":{"start":{"line":2,"column":0},"end":{"line":2,"column":49}},"2":{"start":{"line":3,"column":0},"end":{"line":3,"column":53}},"3":{"start":{"line":4,"column":0},"end":{"line":4,"column":51}},"4":{"start":{"line":5,"column":0},"end":{"line":5,"column":49}},"5":{"start":{"line":6,"column":0},"end":{"line":6,"column":59}},"6":{"start":{"line":7,"column":0},"end":{"line":7,"column":57}},"7":{"start":{"line":8,"column":0},"end":{"line":8,"column":51}},"8":{"start":{"line":9,"column":0},"end":{"line":9,"column":49}},"9":{"start":{"line":10,"column":0},"end":{"line":10,"column":45}},"10":{"start":{"line":11,"column":0},"end":{"line":11,"column":44}},"11":{"start":{"line":12,"column":0},"end":{"line":12,"column":0}},"12":{"start":{"line":13,"column":0},"end":{"line":13,"column":23}},"13":{"start":{"line":14,"column":0},"end":{"line":14,"column":53}},"14":{"start":{"line":15,"column":0},"end":{"line":15,"column":67}},"15":{"start":{"line":16,"column":0},"end":{"line":16,"column":0}},"16":{"start":{"line":17,"column":0},"end":{"line":17,"column":19}},"17":{"start":{"line":18,"column":0},"end":{"line":18,"column":39}},"18":{"start":{"line":19,"column":0},"end":{"line":19,"column":61}},"19":{"start":{"line":20,"column":0},"end":{"line":20,"column":31}},"20":{"start":{"line":21,"column":0},"end":{"line":21,"column":42}},"21":{"start":{"line":22,"column":0},"end":{"line":22,"column":7}},"22":{"start":{"line":23,"column":0},"end":{"line":23,"column":6}},"23":{"start":{"line":24,"column":0},"end":{"line":24,"column":50}},"24":{"start":{"line":25,"column":0},"end":{"line":25,"column":18}},"25":{"start":{"line":26,"column":0},"end":{"line":26,"column":55}},"26":{"start":{"line":27,"column":0},"end":{"line":27,"column":6}},"27":{"start":{"line":28,"column":0},"end":{"line":28,"column":22}},"28":{"start":{"line":29,"column":0},"end":{"line":29,"column":0}},"29":{"start":{"line":30,"column":0},"end":{"line":30,"column":15}},"30":{"start":{"line":31,"column":0},"end":{"line":31,"column":28}},"31":{"start":{"line":32,"column":0},"end":{"line":32,"column":3}},"32":{"start":{"line":33,"column":0},"end":{"line":33,"column":0}},"33":{"start":{"line":34,"column":0},"end":{"line":34,"column":10}},"34":{"start":{"line":35,"column":0},"end":{"line":35,"column":16}},"35":{"start":{"line":36,"column":0},"end":{"line":36,"column":37}},"36":{"start":{"line":37,"column":0},"end":{"line":37,"column":27}},"37":{"start":{"line":38,"column":0},"end":{"line":38,"column":24}},"38":{"start":{"line":39,"column":0},"end":{"line":39,"column":14}},"39":{"start":{"line":40,"column":0},"end":{"line":40,"column":41}},"40":{"start":{"line":41,"column":0},"end":{"line":41,"column":23}},"41":{"start":{"line":42,"column":0},"end":{"line":42,"column":16}},"42":{"start":{"line":43,"column":0},"end":{"line":43,"column":13}},"43":{"start":{"line":44,"column":0},"end":{"line":44,"column":22}},"44":{"start":{"line":45,"column":0},"end":{"line":45,"column":14}},"45":{"start":{"line":46,"column":0},"end":{"line":46,"column":19}},"46":{"start":{"line":47,"column":0},"end":{"line":47,"column":17}},"47":{"start":{"line":48,"column":0},"end":{"line":48,"column":4}},"48":{"start":{"line":49,"column":0},"end":{"line":49,"column":1}}},"s":{"0":0,"1":0,"2":0,"3":0,"4":0,"5":0,"6":0,"7":0,"8":0,"9":0,"10":0,"11":0,"12":0,"13":0,"14":0,"15":0,"16":0,"17":0,"18":0,"19":0,"20":0,"21":0,"22":0,"23":0,"24":0,"25":0,"26":0,"27":0,"28":0,"29":0,"30":0,"31":0,"32":0,"33":0,"34":0,"35":0,"36":0,"37":0,"38":0,"39":0,"40":0,"41":0,"42":0,"43":0,"44":0,"45":0,"46":0,"47":0,"48":0},"branchMap":{"0":{"type":"branch","line":1,"loc":{"start":{"line":1,"column":0},"end":{"line":49,"column":1}},"locations":[{"start":{"line":1,"column":0},"end":{"line":49,"column":1}}]}},"b":{"0":[0]},"fnMap":{"0":{"name":"(empty-report)","decl":{"start":{"line":1,"column":0},"end":{"line":49,"column":1}},"loc":{"start":{"line":1,"column":0},"end":{"line":49,"column":1}},"line":1}},"f":{"0":0}}
,"C:\\Users\\Fahri\\OneDrive\\Masaüstü\\oyun\\frontend\\src\\main.tsx": {"path":"C:\\Users\\Fahri\\OneDrive\\Masaüstü\\oyun\\frontend\\src\\main.tsx","all":true,"statementMap":{"0":{"start":{"line":1,"column":0},"end":{"line":1,"column":26}},"1":{"start":{"line":2,"column":0},"end":{"line":2,"column":40}},"2":{"start":{"line":3,"column":0},"end":{"line":3,"column":28}},"3":{"start":{"line":4,"column":0},"end":{"line":4,"column":0}},"4":{"start":{"line":5,"column":0},"end":{"line":5,"column":75}},"5":{"start":{"line":6,"column":0},"end":{"line":6,"column":20}},"6":{"start":{"line":7,"column":0},"end":{"line":7,"column":11}},"7":{"start":{"line":8,"column":0},"end":{"line":8,"column":22}},"8":{"start":{"line":9,"column":0},"end":{"line":9,"column":2}}},"s":{"0":0,"1":0,"2":0,"3":0,"4":0,"5":0,"6":0,"7":0,"8":0},"branchMap":{"0":{"type":"branch","line":1,"loc":{"start":{"line":1,"column":0},"end":{"line":9,"column":2}},"locations":[{"start":{"line":1,"column":0},"end":{"line":9,"column":2}}]}},"b":{"0":[0]},"fnMap":{"0":{"name":"(empty-report)","decl":{"start":{"line":1,"column":0},"end":{"line":9,"column":2}},"loc":{"start":{"line":1,"column":0},"end":{"line":9,"column":2}},"line":1}},"f":{"0":0}}
,"C:\\Users\\Fahri\\OneDrive\\Masaüstü\\oyun\\frontend\\src\\__mocks__\\reactflow.tsx": {"path":"C:\\Users\\Fahri\\OneDrive\\Masaüstü\\oyun\\frontend\\src\\__mocks__\\reactflow.tsx","all":true,"statementMap":{"0":{"start":{"line":1,"column":0},"end":{"line":1,"column":39}},"1":{"start":{"line":2,"column":0},"end":{"line":2,"column":0}},"2":{"start":{"line":3,"column":0},"end":{"line":3,"column":79}},"3":{"start":{"line":4,"column":0},"end":{"line":4,"column":61}},"4":{"start":{"line":5,"column":0},"end":{"line":5,"column":1}},"5":{"start":{"line":6,"column":0},"end":{"line":6,"column":0}},"6":{"start":{"line":7,"column":0},"end":{"line":7,"column":37}},"7":{"start":{"line":8,"column":0},"end":{"line":8,"column":35}},"8":{"start":{"line":9,"column":0},"end":{"line":9,"column":34}}},"s":{"0":0,"1":0,"2":0,"3":0,"4":0,"5":0,"6":0,"7":0,"8":0},"branchMap":{"0":{"type":"branch","line":1,"loc":{"start":{"line":1,"column":0},"end":{"line":9,"column":34}},"locations":[{"start":{"line":1,"column":0},"end":{"line":9,"column":34}}]}},"b":{"0":[0]},"fnMap":{"0":{"name":"(empty-report)","decl":{"start":{"line":1,"column":0},"end":{"line":9,"column":34}},"loc":{"start":{"line":1,"column":0},"end":{"line":9,"column":34}},"line":1}},"f":{"0":0}}
,"C:\\Users\\Fahri\\OneDrive\\Masaüstü\\oyun\\frontend\\src\\api\\client.ts": {"path":"C:\\Users\\Fahri\\OneDrive\\Masaüstü\\oyun\\frontend\\src\\api\\client.ts","all":true,"statementMap":{"0":{"start":{"line":1,"column":0},"end":{"line":1,"column":26}},"1":{"start":{"line":2,"column":0},"end":{"line":2,"column":13}},"2":{"start":{"line":3,"column":0},"end":{"line":3,"column":15}},"3":{"start":{"line":4,"column":0},"end":{"line":4,"column":22}},"4":{"start":{"line":5,"column":0},"end":{"line":5,"column":23}},"5":{"start":{"line":6,"column":0},"end":{"line":6,"column":33}},"6":{"start":{"line":7,"column":0},"end":{"line":7,"column":25}},"7":{"start":{"line":8,"column":0},"end":{"line":8,"column":29}},"8":{"start":{"line":9,"column":0},"end":{"line":9,"column":16}},"9":{"start":{"line":10,"column":0},"end":{"line":10,"column":21}},"10":{"start":{"line":11,"column":0},"end":{"line":11,"column":35}},"11":{"start":{"line":12,"column":0},"end":{"line":12,"column":36}},"12":{"start":{"line":13,"column":0},"end":{"line":13,"column":37}},"13":{"start":{"line":14,"column":0},"end":{"line":14,"column":38}},"14":{"start":{"line":15,"column":0},"end":{"line":15,"column":35}},"15":{"start":{"line":16,"column":0},"end":{"line":16,"column":26}},"16":{"start":{"line":17,"column":0},"end":{"line":17,"column":20}},"17":{"start":{"line":18,"column":0},"end":{"line":18,"column":24}},"18":{"start":{"line":19,"column":0},"end":{"line":19,"column":21}},"19":{"start":{"line":20,"column":0},"end":{"line":20,"column":15}},"20":{"start":{"line":21,"column":0},"end":{"line":21,"column":21}},"21":{"start":{"line":22,"column":0},"end":{"line":22,"column":18}},"22":{"start":{"line":23,"column":0},"end":{"line":23,"column":0}},"23":{"start":{"line":24,"column":0},"end":{"line":24,"column":26}},"24":{"start":{"line":25,"column":0},"end":{"line":25,"column":76}},"25":{"start":{"line":26,"column":0},"end":{"line":26,"column":16}},"26":{"start":{"line":27,"column":0},"end":{"line":27,"column":3}},"27":{"start":{"line":28,"column":0},"end":{"line":28,"column":0}},"28":{"start":{"line":29,"column":0},"end":{"line":29,"column":36}},"29":{"start":{"line":30,"column":0},"end":{"line":30,"column":0}},"30":{"start":{"line":31,"column":0},"end":{"line":31,"column":52}},"31":{"start":{"line":32,"column":0},"end":{"line":32,"column":20}},"32":{"start":{"line":33,"column":0},"end":{"line":33,"column":1}},"33":{"start":{"line":34,"column":0},"end":{"line":34,"column":0}},"34":{"start":{"line":35,"column":0},"end":{"line":35,"column":42}},"35":{"start":{"line":36,"column":0},"end":{"line":36,"column":18}},"36":{"start":{"line":37,"column":0},"end":{"line":37,"column":42}},"37":{"start":{"line":38,"column":0},"end":{"line":38,"column":57}},"38":{"start":{"line":39,"column":0},"end":{"line":39,"column":3}},"39":{"start":{"line":40,"column":0},"end":{"line":40,"column":16}},"40":{"start":{"line":41,"column":0},"end":{"line":41,"column":3}},"41":{"start":{"line":42,"column":0},"end":{"line":42,"column":0}},"42":{"start":{"line":43,"column":0},"end":{"line":43,"column":60}},"43":{"start":{"line":44,"column":0},"end":{"line":44,"column":58}},"44":{"start":{"line":45,"column":0},"end":{"line":45,"column":14}},"45":{"start":{"line":46,"column":0},"end":{"line":46,"column":1}},"46":{"start":{"line":47,"column":0},"end":{"line":47,"column":0}},"47":{"start":{"line":48,"column":0},"end":{"line":48,"column":70}},"48":{"start":{"line":49,"column":0},"end":{"line":49,"column":75}},"49":{"start":{"line":50,"column":0},"end":{"line":50,"column":14}},"50":{"start":{"line":51,"column":0},"end":{"line":51,"column":1}},"51":{"start":{"line":52,"column":0},"end":{"line":52,"column":0}},"52":{"start":{"line":53,"column":0},"end":{"line":53,"column":90}},"53":{"start":{"line":54,"column":0},"end":{"line":54,"column":86}},"54":{"start":{"line":55,"column":0},"end":{"line":55,"column":14}},"55":{"start":{"line":56,"column":0},"end":{"line":56,"column":1}},"56":{"start":{"line":57,"column":0},"end":{"line":57,"column":0}},"57":{"start":{"line":58,"column":0},"end":{"line":58,"column":87}},"58":{"start":{"line":59,"column":0},"end":{"line":59,"column":86}},"59":{"start":{"line":60,"column":0},"end":{"line":60,"column":14}},"60":{"start":{"line":61,"column":0},"end":{"line":61,"column":1}},"61":{"start":{"line":62,"column":0},"end":{"line":62,"column":0}},"62":{"start":{"line":63,"column":0},"end":{"line":63,"column":75}},"63":{"start":{"line":64,"column":0},"end":{"line":64,"column":22}},"64":{"start":{"line":65,"column":0},"end":{"line":65,"column":14}},"65":{"start":{"line":66,"column":0},"end":{"line":66,"column":3}},"66":{"start":{"line":67,"column":0},"end":{"line":67,"column":67}},"67":{"start":{"line":68,"column":0},"end":{"line":68,"column":13}},"68":{"start":{"line":69,"column":0},"end":{"line":69,"column":15}},"69":{"start":{"line":70,"column":0},"end":{"line":70,"column":6}},"70":{"start":{"line":71,"column":0},"end":{"line":71,"column":5}},"71":{"start":{"line":72,"column":0},"end":{"line":72,"column":14}},"72":{"start":{"line":73,"column":0},"end":{"line":73,"column":1}},"73":{"start":{"line":74,"column":0},"end":{"line":74,"column":0}},"74":{"start":{"line":75,"column":0},"end":{"line":75,"column":104}},"75":{"start":{"line":76,"column":0},"end":{"line":76,"column":93}},"76":{"start":{"line":77,"column":0},"end":{"line":77,"column":22}},"77":{"start":{"line":78,"column":0},"end":{"line":78,"column":5}},"78":{"start":{"line":79,"column":0},"end":{"line":79,"column":14}},"79":{"start":{"line":80,"column":0},"end":{"line":80,"column":1}},"80":{"start":{"line":81,"column":0},"end":{"line":81,"column":0}},"81":{"start":{"line":82,"column":0},"end":{"line":82,"column":47}},"82":{"start":{"line":83,"column":0},"end":{"line":83,"column":17}},"83":{"start":{"line":84,"column":0},"end":{"line":84,"column":49}},"84":{"start":{"line":85,"column":0},"end":{"line":85,"column":40}},"85":{"start":{"line":86,"column":0},"end":{"line":86,"column":99}},"86":{"start":{"line":87,"column":0},"end":{"line":87,"column":11}},"87":{"start":{"line":88,"column":0},"end":{"line":88,"column":5}},"88":{"start":{"line":89,"column":0},"end":{"line":89,"column":14}},"89":{"start":{"line":90,"column":0},"end":{"line":90,"column":1}},"90":{"start":{"line":91,"column":0},"end":{"line":91,"column":0}},"91":{"start":{"line":92,"column":0},"end":{"line":92,"column":101}},"92":{"start":{"line":93,"column":0},"end":{"line":93,"column":100}},"93":{"start":{"line":94,"column":0},"end":{"line":94,"column":14}},"94":{"start":{"line":95,"column":0},"end":{"line":95,"column":1}},"95":{"start":{"line":96,"column":0},"end":{"line":96,"column":0}},"96":{"start":{"line":97,"column":0},"end":{"line":97,"column":101}},"97":{"start":{"line":98,"column":0},"end":{"line":98,"column":104}},"98":{"start":{"line":99,"column":0},"end":{"line":99,"column":14}},"99":{"start":{"line":100,"column":0},"end":{"line":100,"column":1}},"100":{"start":{"line":101,"column":0},"end":{"line":101,"column":0}},"101":{"start":{"line":102,"column":0},"end":{"line":102,"column":44}},"102":{"start":{"line":103,"column":0},"end":{"line":103,"column":44}},"103":{"start":{"line":104,"column":0},"end":{"line":104,"column":47}},"104":{"start":{"line":105,"column":0},"end":{"line":105,"column":100}},"105":{"start":{"line":106,"column":0},"end":{"line":106,"column":14}},"106":{"start":{"line":107,"column":0},"end":{"line":107,"column":1}},"107":{"start":{"line":108,"column":0},"end":{"line":108,"column":0}},"108":{"start":{"line":109,"column":0},"end":{"line":109,"column":40}},"109":{"start":{"line":110,"column":0},"end":{"line":110,"column":46}},"110":{"start":{"line":111,"column":0},"end":{"line":111,"column":49}},"111":{"start":{"line":112,"column":0},"end":{"line":112,"column":108}},"112":{"start":{"line":113,"column":0},"end":{"line":113,"column":14}},"113":{"start":{"line":114,"column":0},"end":{"line":114,"column":1}},"114":{"start":{"line":115,"column":0},"end":{"line":115,"column":0}},"115":{"start":{"line":116,"column":0},"end":{"line":116,"column":90}},"116":{"start":{"line":117,"column":0},"end":{"line":117,"column":92}},"117":{"start":{"line":118,"column":0},"end":{"line":118,"column":14}},"118":{"start":{"line":119,"column":0},"end":{"line":119,"column":1}},"119":{"start":{"line":120,"column":0},"end":{"line":120,"column":0}},"120":{"start":{"line":121,"column":0},"end":{"line":121,"column":63}},"121":{"start":{"line":122,"column":0},"end":{"line":122,"column":80}},"122":{"start":{"line":123,"column":0},"end":{"line":123,"column":1}},"123":{"start":{"line":124,"column":0},"end":{"line":124,"column":0}},"124":{"start":{"line":125,"column":0},"end":{"line":125,"column":63}},"125":{"start":{"line":126,"column":0},"end":{"line":126,"column":67}},"126":{"start":{"line":127,"column":0},"end":{"line":127,"column":14}},"127":{"start":{"line":128,"column":0},"end":{"line":128,"column":1}},"128":{"start":{"line":129,"column":0},"end":{"line":129,"column":0}},"129":{"start":{"line":130,"column":0},"end":{"line":130,"column":75}},"130":{"start":{"line":131,"column":0},"end":{"line":131,"column":72}},"131":{"start":{"line":132,"column":0},"end":{"line":132,"column":14}},"132":{"start":{"line":133,"column":0},"end":{"line":133,"column":1}},"133":{"start":{"line":134,"column":0},"end":{"line":134,"column":0}},"134":{"start":{"line":135,"column":0},"end":{"line":135,"column":46}},"135":{"start":{"line":136,"column":0},"end":{"line":136,"column":35}},"136":{"start":{"line":137,"column":0},"end":{"line":137,"column":1}},"137":{"start":{"line":138,"column":0},"end":{"line":138,"column":0}},"138":{"start":{"line":139,"column":0},"end":{"line":139,"column":77}},"139":{"start":{"line":140,"column":0},"end":{"line":140,"column":71}},"140":{"start":{"line":141,"column":0},"end":{"line":141,"column":14}},"141":{"start":{"line":142,"column":0},"end":{"line":142,"column":1}},"142":{"start":{"line":143,"column":0},"end":{"line":143,"column":0}},"143":{"start":{"line":144,"column":0},"end":{"line":144,"column":103}},"144":{"start":{"line":145,"column":0},"end":{"line":145,"column":79}},"145":{"start":{"line":146,"column":0},"end":{"line":146,"column":14}},"146":{"start":{"line":147,"column":0},"end":{"line":147,"column":1}},"147":{"start":{"line":148,"column":0},"end":{"line":148,"column":0}},"148":{"start":{"line":149,"column":0},"end":{"line":149,"column":62}},"149":{"start":{"line":150,"column":0},"end":{"line":150,"column":47}},"150":{"start":{"line":151,"column":0},"end":{"line":151,"column":1}},"151":{"start":{"line":152,"column":0},"end":{"line":152,"column":0}},"152":{"start":{"line":153,"column":0},"end":{"line":153,"column":81}},"153":{"start":{"line":154,"column":0},"end":{"line":154,"column":34}},"154":{"start":{"line":155,"column":0},"end":{"line":155,"column":32}},"155":{"start":{"line":156,"column":0},"end":{"line":156,"column":86}},"156":{"start":{"line":157,"column":0},"end":{"line":157,"column":55}},"157":{"start":{"line":158,"column":0},"end":{"line":158,"column":5}},"158":{"start":{"line":159,"column":0},"end":{"line":159,"column":14}},"159":{"start":{"line":160,"column":0},"end":{"line":160,"column":1}},"160":{"start":{"line":161,"column":0},"end":{"line":161,"column":0}},"161":{"start":{"line":162,"column":0},"end":{"line":162,"column":99}},"162":{"start":{"line":163,"column":0},"end":{"line":163,"column":43}},"163":{"start":{"line":164,"column":0},"end":{"line":164,"column":33}},"164":{"start":{"line":165,"column":0},"end":{"line":165,"column":30}},"165":{"start":{"line":166,"column":0},"end":{"line":166,"column":5}},"166":{"start":{"line":167,"column":0},"end":{"line":167,"column":1}},"167":{"start":{"line":168,"column":0},"end":{"line":168,"column":0}},"168":{"start":{"line":169,"column":0},"end":{"line":169,"column":103}},"169":{"start":{"line":170,"column":0},"end":{"line":170,"column":49}},"170":{"start":{"line":171,"column":0},"end":{"line":171,"column":31}},"171":{"start":{"line":172,"column":0},"end":{"line":172,"column":30}},"172":{"start":{"line":173,"column":0},"end":{"line":173,"column":5}},"173":{"start":{"line":174,"column":0},"end":{"line":174,"column":1}},"174":{"start":{"line":175,"column":0},"end":{"line":175,"column":0}},"175":{"start":{"line":176,"column":0},"end":{"line":176,"column":15}}},"s":{"0":0,"1":0,"2":0,"3":0,"4":0,"5":0,"6":0,"7":0,"8":0,"9":0,"10":0,"11":0,"12":0,"13":0,"14":0,"15":0,"16":0,"17":0,"18":0,"19":0,"20":0,"21":0,"22":0,"23":0,"24":0,"25":0,"26":0,"27":0,"28":0,"29":0,"30":0,"31":0,"32":0,"33":0,"34":0,"35":0,"36":0,"37":0,"38":0,"39":0,"40":0,"41":0,"42":0,"43":0,"44":0,"45":0,"46":0,"47":0,"48":0,"49":0,"50":0,"51":0,"52":0,"53":0,"54":0,"55":0,"56":0,"57":0,"58":0,"59":0,"60":0,"61":0,"62":0,"63":0,"64":0,"65":0,"66":0,"67":0,"68":0,"69":0,"70":0,"71":0,"72":0,"73":0,"74":0,"75":0,"76":0,"77":0,"78":0,"79":0,"80":0,"81":0,"82":0,"83":0,"84":0,"85":0,"86":0,"87":0,"88":0,"89":0,"90":0,"91":0,"92":0,"93":0,"94":0,"95":0,"96":0,"97":0,"98":0,"99":0,"100":0,"101":0,"102":0,"103":0,"104":0,"105":0,"106":0,"107":0,"108":0,"109":0,"110":0,"111":0,"112":0,"113":0,"114":0,"115":0,"116":0,"117":0,"118":0,"119":0,"120":0,"121":0,"122":0,"123":0,"124":0,"125":0,"126":0,"127":0,"128":0,"129":0,"130":0,"131":0,"132":0,"133":0,"134":0,"135":0,"136":0,"137":0,"138":0,"139":0,"140":0,"141":0,"142":0,"143":0,"144":0,"145":0,"146":0,"147":0,"148":0,"149":0,"150":0,"151":0,"152":0,"153":0,"154":0,"155":0,"156":0,"157":0,"158":0,"159":0,"160":0,"161":0,"162":0,"163":0,"164":0,"165":0,"166":0,"167":0,"168":0,"169":0,"170":0,"171":0,"172":0,"173":0,"174":0,"175":0},"branchMap":{"0":{"type":"branch","line":1,"loc":{"start":{"line":1,"column":0},"end":{"line":176,"column":15}},"locations":[{"start":{"line":1,"column":0},"end":{"line":176,"column":15}}]}},"b":{"0":[0]},"fnMap":{"0":{"name":"(empty-report)","decl":{"start":{"line":1,"column":0},"end":{"line":176,"column":15}},"loc":{"start":{"line":1,"column":0},"end":{"line":176,"column":15}},"line":1}},"f":{"0":0}}
,"C:\\Users\\Fahri\\OneDrive\\Masaüstü\\oyun\\frontend\\src\\components\\LoginOverlay.tsx": {"path":"C:\\Users\\Fahri\\OneDrive\\Masaüstü\\oyun\\frontend\\src\\components\\LoginOverlay.tsx","all":true,"statementMap":{"0":{"start":{"line":1,"column":0},"end":{"line":1,"column":33}},"1":{"start":{"line":2,"column":0},"end":{"line":2,"column":39}},"2":{"start":{"line":3,"column":0},"end":{"line":3,"column":50}},"3":{"start":{"line":4,"column":0},"end":{"line":4,"column":28}},"4":{"start":{"line":5,"column":0},"end":{"line":5,"column":0}},"5":{"start":{"line":6,"column":0},"end":{"line":6,"column":32}},"6":{"start":{"line":7,"column":0},"end":{"line":7,"column":41}},"7":{"start":{"line":8,"column":0},"end":{"line":8,"column":47}},"8":{"start":{"line":9,"column":0},"end":{"line":9,"column":51}},"9":{"start":{"line":10,"column":0},"end":{"line":10,"column":0}},"10":{"start":{"line":11,"column":0},"end":{"line":11,"column":52}},"11":{"start":{"line":12,"column":0},"end":{"line":12,"column":27}},"12":{"start":{"line":13,"column":0},"end":{"line":13,"column":9}},"13":{"start":{"line":14,"column":0},"end":{"line":14,"column":35}},"14":{"start":{"line":15,"column":0},"end":{"line":15,"column":13}},"15":{"start":{"line":16,"column":0},"end":{"line":16,"column":40}},"16":{"start":{"line":17,"column":0},"end":{"line":17,"column":5}},"17":{"start":{"line":18,"column":0},"end":{"line":18,"column":4}},"18":{"start":{"line":19,"column":0},"end":{"line":19,"column":0}},"19":{"start":{"line":20,"column":0},"end":{"line":20,"column":10}},"20":{"start":{"line":21,"column":0},"end":{"line":21,"column":35}},"21":{"start":{"line":22,"column":0},"end":{"line":22,"column":59}},"22":{"start":{"line":23,"column":0},"end":{"line":23,"column":28}},"23":{"start":{"line":24,"column":0},"end":{"line":24,"column":43}},"24":{"start":{"line":25,"column":0},"end":{"line":25,"column":15}},"25":{"start":{"line":26,"column":0},"end":{"line":26,"column":17}},"26":{"start":{"line":27,"column":0},"end":{"line":27,"column":106}},"27":{"start":{"line":28,"column":0},"end":{"line":28,"column":16}},"28":{"start":{"line":29,"column":0},"end":{"line":29,"column":15}},"29":{"start":{"line":30,"column":0},"end":{"line":30,"column":15}},"30":{"start":{"line":31,"column":0},"end":{"line":31,"column":16}},"31":{"start":{"line":32,"column":0},"end":{"line":32,"column":28}},"32":{"start":{"line":33,"column":0},"end":{"line":33,"column":65}},"33":{"start":{"line":34,"column":0},"end":{"line":34,"column":27}},"34":{"start":{"line":35,"column":0},"end":{"line":35,"column":20}},"35":{"start":{"line":36,"column":0},"end":{"line":36,"column":12}},"36":{"start":{"line":37,"column":0},"end":{"line":37,"column":16}},"37":{"start":{"line":38,"column":0},"end":{"line":38,"column":56}},"38":{"start":{"line":39,"column":0},"end":{"line":39,"column":49}},"39":{"start":{"line":40,"column":0},"end":{"line":40,"column":56}},"40":{"start":{"line":41,"column":0},"end":{"line":41,"column":17}},"41":{"start":{"line":42,"column":0},"end":{"line":42,"column":85}},"42":{"start":{"line":43,"column":0},"end":{"line":43,"column":13}},"43":{"start":{"line":44,"column":0},"end":{"line":44,"column":10}},"44":{"start":{"line":45,"column":0},"end":{"line":45,"column":4}},"45":{"start":{"line":46,"column":0},"end":{"line":46,"column":1}}},"s":{"0":0,"1":0,"2":0,"3":0,"4":0,"5":0,"6":0,"7":0,"8":0,"9":0,"10":0,"11":0,"12":0,"13":0,"14":0,"15":0,"16":0,"17":0,"18":0,"19":0,"20":0,"21":0,"22":0,"23":0,"24":0,"25":0,"26":0,"27":0,"28":0,"29":0,"30":0,"31":0,"32":0,"33":0,"34":0,"35":0,"36":0,"37":0,"38":0,"39":0,"40":0,"41":0,"42":0,"43":0,"44":0,"45":0},"branchMap":{"0":{"type":"branch","line":1,"loc":{"start":{"line":1,"column":0},"end":{"line":46,"column":1}},"locations":[{"start":{"line":1,"column":0},"end":{"line":46,"column":1}}]}},"b":{"0":[0]},"fnMap":{"0":{"name":"(empty-report)","decl":{"start":{"line":1,"column":0},"end":{"line":46,"column":1}},"loc":{"start":{"line":1,"column":0},"end":{"line":46,"column":1}},"line":1}},"f":{"0":0}}
,"C:\\Users\\Fahri\\OneDrive\\Masaüstü\\oyun\\frontend\\src\\components\\NodeModal.tsx": {"path":"C:\\Users\\Fahri\\OneDrive\\Masaüstü\\oyun\\frontend\\src\\components\\NodeModal.tsx","all":false,"statementMap":{"0":{"start":{"line":1,"column":0},"end":{"line":1,"column":44}},"1":{"start":{"line":2,"column":0},"end":{"line":2,"column":97}},"2":{"start":{"line":3,"column":0},"end":{"line":3,"column":60}},"3":{"start":{"line":4,"column":0},"end":{"line":4,"column":46}},"4":{"start":{"line":5,"column":0},"end":{"line":5,"column":38}},"11":{"start":{"line":12,"column":0},"end":{"line":12,"column":25}},"13":{"start":{"line":14,"column":0},"end":{"line":14,"column":70}},"14":{"start":{"line":15,"column":0},"end":{"line":15,"column":11}},"15":{"start":{"line":16,"column":0},"end":{"line":16,"column":28}},"16":{"start":{"line":17,"column":0},"end":{"line":17,"column":15}},"17":{"start":{"line":18,"column":0},"end":{"line":18,"column":4}},"18":{"start":{"line":19,"column":0},"end":{"line":19,"column":9}},"19":{"start":{"line":20,"column":0},"end":{"line":20,"column":16}},"20":{"start":{"line":21,"column":0},"end":{"line":21,"column":4}},"21":{"start":{"line":22,"column":0},"end":{"line":22,"column":12}},"22":{"start":{"line":23,"column":0},"end":{"line":23,"column":19}},"23":{"start":{"line":24,"column":0},"end":{"line":24,"column":4}},"24":{"start":{"line":25,"column":0},"end":{"line":25,"column":13}},"25":{"start":{"line":26,"column":0},"end":{"line":26,"column":2}},"27":{"start":{"line":28,"column":0},"end":{"line":28,"column":106}},"28":{"start":{"line":29,"column":0},"end":{"line":29,"column":44}},"29":{"start":{"line":30,"column":0},"end":{"line":30,"column":17}},"30":{"start":{"line":31,"column":0},"end":{"line":31,"column":16}},"31":{"start":{"line":32,"column":0},"end":{"line":32,"column":19}},"32":{"start":{"line":33,"column":0},"end":{"line":33,"column":19}},"33":{"start":{"line":34,"column":0},"end":{"line":34,"column":2}},"35":{"start":{"line":36,"column":0},"end":{"line":36,"column":42}},"37":{"start":{"line":38,"column":0},"end":{"line":38,"column":57}},"38":{"start":{"line":39,"column":0},"end":{"line":39,"column":22}},"39":{"start":{"line":40,"column":0},"end":{"line":40,"column":15}},"40":{"start":{"line":41,"column":0},"end":{"line":41,"column":33}},"41":{"start":{"line":42,"column":0},"end":{"line":42,"column":41}},"42":{"start":{"line":43,"column":0},"end":{"line":43,"column":44}},"43":{"start":{"line":44,"column":0},"end":{"line":44,"column":1}},"45":{"start":{"line":46,"column":0},"end":{"line":46,"column":29}},"46":{"start":{"line":47,"column":0},"end":{"line":47,"column":55}},"47":{"start":{"line":48,"column":0},"end":{"line":48,"column":61}},"48":{"start":{"line":49,"column":0},"end":{"line":49,"column":84}},"49":{"start":{"line":50,"column":0},"end":{"line":50,"column":86}},"50":{"start":{"line":51,"column":0},"end":{"line":51,"column":56}},"51":{"start":{"line":52,"column":0},"end":{"line":52,"column":28}},"52":{"start":{"line":53,"column":0},"end":{"line":53,"column":13}},"53":{"start":{"line":54,"column":0},"end":{"line":54,"column":20}},"54":{"start":{"line":55,"column":0},"end":{"line":55,"column":15}},"55":{"start":{"line":56,"column":0},"end":{"line":56,"column":28}},"56":{"start":{"line":57,"column":0},"end":{"line":57,"column":14}},"57":{"start":{"line":58,"column":0},"end":{"line":58,"column":5}},"58":{"start":{"line":59,"column":0},"end":{"line":59,"column":47}},"59":{"start":{"line":60,"column":0},"end":{"line":60,"column":48}},"60":{"start":{"line":61,"column":0},"end":{"line":61,"column":58}},"61":{"start":{"line":62,"column":0},"end":{"line":62,"column":103}},"62":{"start":{"line":63,"column":0},"end":{"line":63,"column":76}},"63":{"start":{"line":64,"column":0},"end":{"line":64,"column":86}},"64":{"start":{"line":65,"column":0},"end":{"line":65,"column":109}},"65":{"start":{"line":66,"column":0},"end":{"line":66,"column":80}},"66":{"start":{"line":67,"column":0},"end":{"line":67,"column":90}},"68":{"start":{"line":69,"column":0},"end":{"line":69,"column":19}},"69":{"start":{"line":70,"column":0},"end":{"line":70,"column":17}},"70":{"start":{"line":71,"column":0},"end":{"line":71,"column":13}},"71":{"start":{"line":72,"column":0},"end":{"line":72,"column":5}},"72":{"start":{"line":73,"column":0},"end":{"line":73,"column":32}},"73":{"start":{"line":74,"column":0},"end":{"line":74,"column":30}},"74":{"start":{"line":75,"column":0},"end":{"line":75,"column":15}},"75":{"start":{"line":76,"column":0},"end":{"line":76,"column":24}},"76":{"start":{"line":77,"column":0},"end":{"line":77,"column":30}},"77":{"start":{"line":78,"column":0},"end":{"line":78,"column":44}},"78":{"start":{"line":79,"column":0},"end":{"line":79,"column":34}},"79":{"start":{"line":80,"column":0},"end":{"line":80,"column":69}},"80":{"start":{"line":81,"column":0},"end":{"line":81,"column":36}},"81":{"start":{"line":82,"column":0},"end":{"line":82,"column":30}},"82":{"start":{"line":83,"column":0},"end":{"line":83,"column":44}},"83":{"start":{"line":84,"column":0},"end":{"line":84,"column":45}},"84":{"start":{"line":85,"column":0},"end":{"line":85,"column":43}},"85":{"start":{"line":86,"column":0},"end":{"line":86,"column":47}},"86":{"start":{"line":87,"column":0},"end":{"line":87,"column":43}},"87":{"start":{"line":88,"column":0},"end":{"line":88,"column":41}},"88":{"start":{"line":89,"column":0},"end":{"line":89,"column":32}},"89":{"start":{"line":90,"column":0},"end":{"line":90,"column":37}},"90":{"start":{"line":91,"column":0},"end":{"line":91,"column":49}},"91":{"start":{"line":92,"column":0},"end":{"line":92,"column":9}},"92":{"start":{"line":93,"column":0},"end":{"line":93,"column":47}},"93":{"start":{"line":94,"column":0},"end":{"line":94,"column":12}},"94":{"start":{"line":95,"column":0},"end":{"line":95,"column":15}},"95":{"start":{"line":96,"column":0},"end":{"line":96,"column":29}},"96":{"start":{"line":97,"column":0},"end":{"line":97,"column":17}},"97":{"start":{"line":98,"column":0},"end":{"line":98,"column":24}},"98":{"start":{"line":99,"column":0},"end":{"line":99,"column":19}},"99":{"start":{"line":100,"column":0},"end":{"line":100,"column":81}},"100":{"start":{"line":101,"column":0},"end":{"line":101,"column":20}},"101":{"start":{"line":102,"column":0},"end":{"line":102,"column":17}},"102":{"start":{"line":103,"column":0},"end":{"line":103,"column":24}},"103":{"start":{"line":104,"column":0},"end":{"line":104,"column":57}},"104":{"start":{"line":105,"column":0},"end":{"line":105,"column":27}},"105":{"start":{"line":106,"column":0},"end":{"line":106,"column":29}},"106":{"start":{"line":107,"column":0},"end":{"line":107,"column":27}},"107":{"start":{"line":108,"column":0},"end":{"line":108,"column":53}},"108":{"start":{"line":109,"column":0},"end":{"line":109,"column":18}},"109":{"start":{"line":110,"column":0},"end":{"line":110,"column":24}},"110":{"start":{"line":111,"column":0},"end":{"line":111,"column":30}},"111":{"start":{"line":112,"column":0},"end":{"line":112,"column":9}},"112":{"start":{"line":113,"column":0},"end":{"line":113,"column":22}},"113":{"start":{"line":114,"column":0},"end":{"line":114,"column":5}},"114":{"start":{"line":115,"column":0},"end":{"line":115,"column":19}},"115":{"start":{"line":116,"column":0},"end":{"line":116,"column":28}},"116":{"start":{"line":117,"column":0},"end":{"line":117,"column":33}},"117":{"start":{"line":118,"column":0},"end":{"line":118,"column":36}},"118":{"start":{"line":119,"column":0},"end":{"line":119,"column":30}},"119":{"start":{"line":120,"column":0},"end":{"line":120,"column":35}},"120":{"start":{"line":121,"column":0},"end":{"line":121,"column":38}},"121":{"start":{"line":122,"column":0},"end":{"line":122,"column":14}},"123":{"start":{"line":124,"column":0},"end":{"line":124,"column":15}},"124":{"start":{"line":125,"column":0},"end":{"line":125,"column":16}},"125":{"start":{"line":126,"column":0},"end":{"line":126,"column":3}},"127":{"start":{"line":128,"column":0},"end":{"line":128,"column":77}},"128":{"start":{"line":129,"column":0},"end":{"line":129,"column":24}},"129":{"start":{"line":130,"column":0},"end":{"line":130,"column":14}},"130":{"start":{"line":131,"column":0},"end":{"line":131,"column":21}},"131":{"start":{"line":132,"column":0},"end":{"line":132,"column":8}},"132":{"start":{"line":133,"column":0},"end":{"line":133,"column":4}},"134":{"start":{"line":135,"column":0},"end":{"line":135,"column":99}},"135":{"start":{"line":136,"column":0},"end":{"line":136,"column":38}},"136":{"start":{"line":137,"column":0},"end":{"line":137,"column":18}},"137":{"start":{"line":138,"column":0},"end":{"line":138,"column":11}},"138":{"start":{"line":139,"column":0},"end":{"line":139,"column":6}},"139":{"start":{"line":140,"column":0},"end":{"line":140,"column":37}},"140":{"start":{"line":141,"column":0},"end":{"line":141,"column":44}},"141":{"start":{"line":142,"column":0},"end":{"line":142,"column":5}},"142":{"start":{"line":143,"column":0},"end":{"line":143,"column":35}},"143":{"start":{"line":144,"column":0},"end":{"line":144,"column":32}},"144":{"start":{"line":145,"column":0},"end":{"line":145,"column":31}},"145":{"start":{"line":146,"column":0},"end":{"line":146,"column":5}},"146":{"start":{"line":147,"column":0},"end":{"line":147,"column":38}},"147":{"start":{"line":148,"column":0},"end":{"line":148,"column":30}},"148":{"start":{"line":149,"column":0},"end":{"line":149,"column":33}},"149":{"start":{"line":150,"column":0},"end":{"line":150,"column":31}},"150":{"start":{"line":151,"column":0},"end":{"line":151,"column":5}},"151":{"start":{"line":152,"column":0},"end":{"line":152,"column":12}},"152":{"start":{"line":153,"column":0},"end":{"line":153,"column":14}},"153":{"start":{"line":154,"column":0},"end":{"line":154,"column":29}},"154":{"start":{"line":155,"column":0},"end":{"line":155,"column":6}},"155":{"start":{"line":156,"column":0},"end":{"line":156,"column":4}},"157":{"start":{"line":158,"column":0},"end":{"line":158,"column":48}},"158":{"start":{"line":159,"column":0},"end":{"line":159,"column":53}},"159":{"start":{"line":160,"column":0},"end":{"line":160,"column":4}},"161":{"start":{"line":162,"column":0},"end":{"line":162,"column":44}},"162":{"start":{"line":163,"column":0},"end":{"line":163,"column":29}},"163":{"start":{"line":164,"column":0},"end":{"line":164,"column":58}},"164":{"start":{"line":165,"column":0},"end":{"line":165,"column":13}},"165":{"start":{"line":166,"column":0},"end":{"line":166,"column":5}},"166":{"start":{"line":167,"column":0},"end":{"line":167,"column":35}},"167":{"start":{"line":168,"column":0},"end":{"line":168,"column":33}},"168":{"start":{"line":169,"column":0},"end":{"line":169,"column":9}},"169":{"start":{"line":170,"column":0},"end":{"line":170,"column":52}},"170":{"start":{"line":171,"column":0},"end":{"line":171,"column":30}},"171":{"start":{"line":172,"column":0},"end":{"line":172,"column":38}},"172":{"start":{"line":173,"column":0},"end":{"line":173,"column":26}},"173":{"start":{"line":174,"column":0},"end":{"line":174,"column":24}},"174":{"start":{"line":175,"column":0},"end":{"line":175,"column":28}},"175":{"start":{"line":176,"column":0},"end":{"line":176,"column":32}},"176":{"start":{"line":177,"column":0},"end":{"line":177,"column":28}},"177":{"start":{"line":178,"column":0},"end":{"line":178,"column":30}},"178":{"start":{"line":179,"column":0},"end":{"line":179,"column":34}},"179":{"start":{"line":180,"column":0},"end":{"line":180,"column":30}},"180":{"start":{"line":181,"column":0},"end":{"line":181,"column":9}},"181":{"start":{"line":182,"column":0},"end":{"line":182,"column":34}},"182":{"start":{"line":183,"column":0},"end":{"line":183,"column":19}},"183":{"start":{"line":184,"column":0},"end":{"line":184,"column":50}},"184":{"start":{"line":185,"column":0},"end":{"line":185,"column":30}},"185":{"start":{"line":186,"column":0},"end":{"line":186,"column":61}},"186":{"start":{"line":187,"column":0},"end":{"line":187,"column":15}},"187":{"start":{"line":188,"column":0},"end":{"line":188,"column":38}},"188":{"start":{"line":189,"column":0},"end":{"line":189,"column":5}},"189":{"start":{"line":190,"column":0},"end":{"line":190,"column":4}},"191":{"start":{"line":192,"column":0},"end":{"line":192,"column":37}},"192":{"start":{"line":193,"column":0},"end":{"line":193,"column":25}},"193":{"start":{"line":194,"column":0},"end":{"line":194,"column":53}},"194":{"start":{"line":195,"column":0},"end":{"line":195,"column":5}},"195":{"start":{"line":196,"column":0},"end":{"line":196,"column":4}},"197":{"start":{"line":198,"column":0},"end":{"line":198,"column":46}},"198":{"start":{"line":199,"column":0},"end":{"line":199,"column":47}},"199":{"start":{"line":200,"column":0},"end":{"line":200,"column":61}},"200":{"start":{"line":201,"column":0},"end":{"line":201,"column":49}},"201":{"start":{"line":202,"column":0},"end":{"line":202,"column":47}},"202":{"start":{"line":203,"column":0},"end":{"line":203,"column":63}},"203":{"start":{"line":204,"column":0},"end":{"line":204,"column":78}},"204":{"start":{"line":205,"column":0},"end":{"line":205,"column":13}},"205":{"start":{"line":206,"column":0},"end":{"line":206,"column":5}},"206":{"start":{"line":207,"column":0},"end":{"line":207,"column":37}},"207":{"start":{"line":208,"column":0},"end":{"line":208,"column":35}},"208":{"start":{"line":209,"column":0},"end":{"line":209,"column":9}},"209":{"start":{"line":210,"column":0},"end":{"line":210,"column":48}},"210":{"start":{"line":211,"column":0},"end":{"line":211,"column":30}},"211":{"start":{"line":212,"column":0},"end":{"line":212,"column":38}},"212":{"start":{"line":213,"column":0},"end":{"line":213,"column":26}},"213":{"start":{"line":214,"column":0},"end":{"line":214,"column":24}},"214":{"start":{"line":215,"column":0},"end":{"line":215,"column":9}},"215":{"start":{"line":216,"column":0},"end":{"line":216,"column":36}},"216":{"start":{"line":217,"column":0},"end":{"line":217,"column":69}},"217":{"start":{"line":218,"column":0},"end":{"line":218,"column":48}},"218":{"start":{"line":219,"column":0},"end":{"line":219,"column":7}},"219":{"start":{"line":220,"column":0},"end":{"line":220,"column":19}},"220":{"start":{"line":221,"column":0},"end":{"line":221,"column":53}},"221":{"start":{"line":222,"column":0},"end":{"line":222,"column":32}},"222":{"start":{"line":223,"column":0},"end":{"line":223,"column":63}},"223":{"start":{"line":224,"column":0},"end":{"line":224,"column":15}},"224":{"start":{"line":225,"column":0},"end":{"line":225,"column":40}},"225":{"start":{"line":226,"column":0},"end":{"line":226,"column":5}},"226":{"start":{"line":227,"column":0},"end":{"line":227,"column":4}},"228":{"start":{"line":229,"column":0},"end":{"line":229,"column":39}},"229":{"start":{"line":230,"column":0},"end":{"line":230,"column":35}},"230":{"start":{"line":231,"column":0},"end":{"line":231,"column":54}},"231":{"start":{"line":232,"column":0},"end":{"line":232,"column":5}},"232":{"start":{"line":233,"column":0},"end":{"line":233,"column":4}},"234":{"start":{"line":235,"column":0},"end":{"line":235,"column":58}},"235":{"start":{"line":236,"column":0},"end":{"line":236,"column":27}},"236":{"start":{"line":237,"column":0},"end":{"line":237,"column":21}},"237":{"start":{"line":238,"column":0},"end":{"line":238,"column":19}},"238":{"start":{"line":239,"column":0},"end":{"line":239,"column":9}},"239":{"start":{"line":240,"column":0},"end":{"line":240,"column":36}},"240":{"start":{"line":241,"column":0},"end":{"line":241,"column":31}},"241":{"start":{"line":242,"column":0},"end":{"line":242,"column":14}},"242":{"start":{"line":243,"column":0},"end":{"line":243,"column":46}},"243":{"start":{"line":244,"column":0},"end":{"line":244,"column":7}},"244":{"start":{"line":245,"column":0},"end":{"line":245,"column":28}},"245":{"start":{"line":246,"column":0},"end":{"line":246,"column":29}},"246":{"start":{"line":247,"column":0},"end":{"line":247,"column":19}},"247":{"start":{"line":248,"column":0},"end":{"line":248,"column":19}},"248":{"start":{"line":249,"column":0},"end":{"line":249,"column":49}},"249":{"start":{"line":250,"column":0},"end":{"line":250,"column":63}},"250":{"start":{"line":251,"column":0},"end":{"line":251,"column":15}},"251":{"start":{"line":252,"column":0},"end":{"line":252,"column":24}},"252":{"start":{"line":253,"column":0},"end":{"line":253,"column":5}},"253":{"start":{"line":254,"column":0},"end":{"line":254,"column":4}},"255":{"start":{"line":256,"column":0},"end":{"line":256,"column":61}},"256":{"start":{"line":257,"column":0},"end":{"line":257,"column":30}},"258":{"start":{"line":259,"column":0},"end":{"line":259,"column":10}},"259":{"start":{"line":260,"column":0},"end":{"line":260,"column":35}},"260":{"start":{"line":261,"column":0},"end":{"line":261,"column":59}},"261":{"start":{"line":262,"column":0},"end":{"line":262,"column":38}},"262":{"start":{"line":263,"column":0},"end":{"line":263,"column":14}},"263":{"start":{"line":264,"column":0},"end":{"line":264,"column":41}},"264":{"start":{"line":265,"column":0},"end":{"line":265,"column":15}},"265":{"start":{"line":266,"column":0},"end":{"line":266,"column":78}},"267":{"start":{"line":268,"column":0},"end":{"line":268,"column":19}},"268":{"start":{"line":269,"column":0},"end":{"line":269,"column":14}},"269":{"start":{"line":270,"column":0},"end":{"line":270,"column":39}},"270":{"start":{"line":271,"column":0},"end":{"line":271,"column":40}},"271":{"start":{"line":272,"column":0},"end":{"line":272,"column":19}},"272":{"start":{"line":273,"column":0},"end":{"line":273,"column":28}},"273":{"start":{"line":274,"column":0},"end":{"line":274,"column":27}},"274":{"start":{"line":275,"column":0},"end":{"line":275,"column":79}},"275":{"start":{"line":276,"column":0},"end":{"line":276,"column":56}},"277":{"start":{"line":278,"column":0},"end":{"line":278,"column":34}},"278":{"start":{"line":279,"column":0},"end":{"line":279,"column":21}},"279":{"start":{"line":280,"column":0},"end":{"line":280,"column":13}},"280":{"start":{"line":281,"column":0},"end":{"line":281,"column":14}},"281":{"start":{"line":282,"column":0},"end":{"line":282,"column":45}},"282":{"start":{"line":283,"column":0},"end":{"line":283,"column":15}},"283":{"start":{"line":284,"column":0},"end":{"line":284,"column":44}},"284":{"start":{"line":285,"column":0},"end":{"line":285,"column":31}},"285":{"start":{"line":286,"column":0},"end":{"line":286,"column":17}},"286":{"start":{"line":287,"column":0},"end":{"line":287,"column":105}},"287":{"start":{"line":288,"column":0},"end":{"line":288,"column":18}},"289":{"start":{"line":290,"column":0},"end":{"line":290,"column":92}},"291":{"start":{"line":292,"column":0},"end":{"line":292,"column":16}},"292":{"start":{"line":293,"column":0},"end":{"line":293,"column":50}},"293":{"start":{"line":294,"column":0},"end":{"line":294,"column":123}},"294":{"start":{"line":295,"column":0},"end":{"line":295,"column":73}},"295":{"start":{"line":296,"column":0},"end":{"line":296,"column":21}},"296":{"start":{"line":297,"column":0},"end":{"line":297,"column":78}},"297":{"start":{"line":298,"column":0},"end":{"line":298,"column":91}},"299":{"start":{"line":300,"column":0},"end":{"line":300,"column":23}},"301":{"start":{"line":302,"column":0},"end":{"line":302,"column":16}},"302":{"start":{"line":303,"column":0},"end":{"line":303,"column":94}},"303":{"start":{"line":304,"column":0},"end":{"line":304,"column":90}},"304":{"start":{"line":305,"column":0},"end":{"line":305,"column":51}},"305":{"start":{"line":306,"column":0},"end":{"line":306,"column":62}},"306":{"start":{"line":307,"column":0},"end":{"line":307,"column":46}},"307":{"start":{"line":308,"column":0},"end":{"line":308,"column":17}},"308":{"start":{"line":309,"column":0},"end":{"line":309,"column":17}},"310":{"start":{"line":311,"column":0},"end":{"line":311,"column":14}},"311":{"start":{"line":312,"column":0},"end":{"line":312,"column":15}},"313":{"start":{"line":314,"column":0},"end":{"line":314,"column":115}},"314":{"start":{"line":315,"column":0},"end":{"line":315,"column":16}},"315":{"start":{"line":316,"column":0},"end":{"line":316,"column":15}},"317":{"start":{"line":318,"column":0},"end":{"line":318,"column":19}},"318":{"start":{"line":319,"column":0},"end":{"line":319,"column":42}},"319":{"start":{"line":320,"column":0},"end":{"line":320,"column":81}},"320":{"start":{"line":321,"column":0},"end":{"line":321,"column":20}},"321":{"start":{"line":322,"column":0},"end":{"line":322,"column":12}},"322":{"start":{"line":323,"column":0},"end":{"line":323,"column":16}},"323":{"start":{"line":324,"column":0},"end":{"line":324,"column":38}},"324":{"start":{"line":325,"column":0},"end":{"line":325,"column":37}},"325":{"start":{"line":326,"column":0},"end":{"line":326,"column":57}},"326":{"start":{"line":327,"column":0},"end":{"line":327,"column":44}},"327":{"start":{"line":328,"column":0},"end":{"line":328,"column":21}},"328":{"start":{"line":329,"column":0},"end":{"line":329,"column":29}},"329":{"start":{"line":330,"column":0},"end":{"line":330,"column":40}},"330":{"start":{"line":331,"column":0},"end":{"line":331,"column":48}},"331":{"start":{"line":332,"column":0},"end":{"line":332,"column":50}},"333":{"start":{"line":334,"column":0},"end":{"line":334,"column":80}},"334":{"start":{"line":335,"column":0},"end":{"line":335,"column":23}},"335":{"start":{"line":336,"column":0},"end":{"line":336,"column":36}},"336":{"start":{"line":337,"column":0},"end":{"line":337,"column":95}},"338":{"start":{"line":339,"column":0},"end":{"line":339,"column":25}},"340":{"start":{"line":341,"column":0},"end":{"line":341,"column":18}},"341":{"start":{"line":342,"column":0},"end":{"line":342,"column":16}},"342":{"start":{"line":343,"column":0},"end":{"line":343,"column":16}},"343":{"start":{"line":344,"column":0},"end":{"line":344,"column":30}},"344":{"start":{"line":345,"column":0},"end":{"line":345,"column":37}},"345":{"start":{"line":346,"column":0},"end":{"line":346,"column":76}},"346":{"start":{"line":347,"column":0},"end":{"line":347,"column":12}},"347":{"start":{"line":348,"column":0},"end":{"line":348,"column":32}},"348":{"start":{"line":349,"column":0},"end":{"line":349,"column":47}},"349":{"start":{"line":350,"column":0},"end":{"line":350,"column":57}},"350":{"start":{"line":351,"column":0},"end":{"line":351,"column":58}},"351":{"start":{"line":352,"column":0},"end":{"line":352,"column":107}},"352":{"start":{"line":353,"column":0},"end":{"line":353,"column":20}},"353":{"start":{"line":354,"column":0},"end":{"line":354,"column":99}},"354":{"start":{"line":355,"column":0},"end":{"line":355,"column":95}},"356":{"start":{"line":357,"column":0},"end":{"line":357,"column":89}},"357":{"start":{"line":358,"column":0},"end":{"line":358,"column":18}},"359":{"start":{"line":360,"column":0},"end":{"line":360,"column":98}},"360":{"start":{"line":361,"column":0},"end":{"line":361,"column":14}},"361":{"start":{"line":362,"column":0},"end":{"line":362,"column":15}},"363":{"start":{"line":364,"column":0},"end":{"line":364,"column":16}},"364":{"start":{"line":365,"column":0},"end":{"line":365,"column":28}},"365":{"start":{"line":366,"column":0},"end":{"line":366,"column":34}},"366":{"start":{"line":367,"column":0},"end":{"line":367,"column":47}},"367":{"start":{"line":368,"column":0},"end":{"line":368,"column":33}},"368":{"start":{"line":369,"column":0},"end":{"line":369,"column":53}},"369":{"start":{"line":370,"column":0},"end":{"line":370,"column":14}},"370":{"start":{"line":371,"column":0},"end":{"line":371,"column":46}},"371":{"start":{"line":372,"column":0},"end":{"line":372,"column":12}},"372":{"start":{"line":373,"column":0},"end":{"line":373,"column":16}},"373":{"start":{"line":374,"column":0},"end":{"line":374,"column":45}},"374":{"start":{"line":375,"column":0},"end":{"line":375,"column":17}},"376":{"start":{"line":377,"column":0},"end":{"line":377,"column":18}},"377":{"start":{"line":378,"column":0},"end":{"line":378,"column":27}},"378":{"start":{"line":379,"column":0},"end":{"line":379,"column":21}},"379":{"start":{"line":380,"column":0},"end":{"line":380,"column":21}},"380":{"start":{"line":381,"column":0},"end":{"line":381,"column":53}},"381":{"start":{"line":382,"column":0},"end":{"line":382,"column":34}},"382":{"start":{"line":383,"column":0},"end":{"line":383,"column":120}},"384":{"start":{"line":385,"column":0},"end":{"line":385,"column":14}},"385":{"start":{"line":386,"column":0},"end":{"line":386,"column":18}},"387":{"start":{"line":388,"column":0},"end":{"line":388,"column":43}},"388":{"start":{"line":389,"column":0},"end":{"line":389,"column":17}},"390":{"start":{"line":391,"column":0},"end":{"line":391,"column":18}},"391":{"start":{"line":392,"column":0},"end":{"line":392,"column":27}},"392":{"start":{"line":393,"column":0},"end":{"line":393,"column":21}},"393":{"start":{"line":394,"column":0},"end":{"line":394,"column":21}},"394":{"start":{"line":395,"column":0},"end":{"line":395,"column":41}},"395":{"start":{"line":396,"column":0},"end":{"line":396,"column":128}},"396":{"start":{"line":397,"column":0},"end":{"line":397,"column":14}},"397":{"start":{"line":398,"column":0},"end":{"line":398,"column":18}},"399":{"start":{"line":400,"column":0},"end":{"line":400,"column":43}},"400":{"start":{"line":401,"column":0},"end":{"line":401,"column":17}},"402":{"start":{"line":403,"column":0},"end":{"line":403,"column":18}},"403":{"start":{"line":404,"column":0},"end":{"line":404,"column":25}},"404":{"start":{"line":405,"column":0},"end":{"line":405,"column":40}},"405":{"start":{"line":406,"column":0},"end":{"line":406,"column":92}},"406":{"start":{"line":407,"column":0},"end":{"line":407,"column":14}},"407":{"start":{"line":408,"column":0},"end":{"line":408,"column":18}},"409":{"start":{"line":410,"column":0},"end":{"line":410,"column":46}},"410":{"start":{"line":411,"column":0},"end":{"line":411,"column":12}},"411":{"start":{"line":412,"column":0},"end":{"line":412,"column":19}},"413":{"start":{"line":414,"column":0},"end":{"line":414,"column":20}},"414":{"start":{"line":415,"column":0},"end":{"line":415,"column":27}},"415":{"start":{"line":416,"column":0},"end":{"line":416,"column":44}},"416":{"start":{"line":417,"column":0},"end":{"line":417,"column":96}},"417":{"start":{"line":418,"column":0},"end":{"line":418,"column":16}},"418":{"start":{"line":419,"column":0},"end":{"line":419,"column":20}},"419":{"start":{"line":420,"column":0},"end":{"line":420,"column":19}},"421":{"start":{"line":422,"column":0},"end":{"line":422,"column":20}},"422":{"start":{"line":423,"column":0},"end":{"line":423,"column":27}},"423":{"start":{"line":424,"column":0},"end":{"line":424,"column":42}},"424":{"start":{"line":425,"column":0},"end":{"line":425,"column":94}},"425":{"start":{"line":426,"column":0},"end":{"line":426,"column":16}},"426":{"start":{"line":427,"column":0},"end":{"line":427,"column":20}},"427":{"start":{"line":428,"column":0},"end":{"line":428,"column":19}},"429":{"start":{"line":430,"column":0},"end":{"line":430,"column":117}},"430":{"start":{"line":431,"column":0},"end":{"line":431,"column":55}},"431":{"start":{"line":432,"column":0},"end":{"line":432,"column":59}},"432":{"start":{"line":433,"column":0},"end":{"line":433,"column":56}},"433":{"start":{"line":434,"column":0},"end":{"line":434,"column":23}},"434":{"start":{"line":435,"column":0},"end":{"line":435,"column":20}},"435":{"start":{"line":436,"column":0},"end":{"line":436,"column":13}},"437":{"start":{"line":438,"column":0},"end":{"line":438,"column":15}},"439":{"start":{"line":440,"column":0},"end":{"line":440,"column":120}},"440":{"start":{"line":441,"column":0},"end":{"line":441,"column":16}},"441":{"start":{"line":442,"column":0},"end":{"line":442,"column":56}},"442":{"start":{"line":443,"column":0},"end":{"line":443,"column":82}},"443":{"start":{"line":444,"column":0},"end":{"line":444,"column":50}},"444":{"start":{"line":445,"column":0},"end":{"line":445,"column":17}},"445":{"start":{"line":446,"column":0},"end":{"line":446,"column":13}},"446":{"start":{"line":447,"column":0},"end":{"line":447,"column":10}},"448":{"start":{"line":449,"column":0},"end":{"line":449,"column":1}}},"s":{"0":1,"1":1,"2":1,"3":1,"4":1,"11":1,"13":1,"14":1,"15":1,"16":1,"17":1,"18":1,"19":1,"20":1,"21":1,"22":1,"23":1,"24":1,"25":1,"27":1,"28":1,"29":1,"30":1,"31":1,"32":1,"33":1,"35":1,"37":1,"38":1,"39":1,"40":1,"41":1,"42":1,"43":1,"45":1,"46":26,"47":26,"48":26,"49":26,"50":26,"51":26,"52":26,"53":26,"54":26,"55":26,"56":26,"57":26,"58":26,"59":26,"60":26,"61":26,"62":26,"63":26,"64":26,"65":26,"66":26,"68":26,"69":8,"70":5,"71":5,"72":8,"73":1,"74":1,"75":1,"76":1,"77":1,"78":1,"79":1,"80":1,"81":1,"82":1,"83":1,"84":1,"85":1,"86":1,"87":1,"88":1,"89":1,"90":1,"91":1,"92":1,"93":8,"94":2,"95":2,"96":2,"97":2,"98":2,"99":2,"100":2,"101":2,"102":2,"103":2,"104":2,"105":2,"106":2,"107":2,"108":2,"109":2,"110":2,"111":2,"112":2,"113":2,"114":3,"115":3,"116":3,"117":3,"118":3,"119":3,"120":3,"121":26,"123":26,"124":5,"125":5,"127":21,"128":12,"129":12,"130":12,"131":12,"132":12,"134":21,"135":0,"136":0,"137":0,"138":0,"139":0,"140":0,"141":0,"142":0,"143":0,"144":0,"145":0,"146":0,"147":0,"148":0,"149":0,"150":0,"151":0,"152":0,"153":0,"154":0,"155":0,"157":21,"158":0,"159":0,"161":21,"162":0,"163":0,"164":0,"165":0,"166":0,"167":0,"168":0,"169":0,"170":0,"171":0,"172":0,"173":0,"174":0,"175":0,"176":0,"177":0,"178":0,"179":0,"180":0,"181":0,"182":0,"183":0,"184":0,"185":0,"186":0,"187":0,"188":0,"189":0,"191":21,"192":0,"193":0,"194":0,"195":0,"197":21,"198":1,"199":1,"200":1,"201":1,"202":1,"203":0,"204":0,"205":0,"206":1,"207":1,"208":1,"209":1,"210":1,"211":1,"212":1,"213":1,"214":1,"215":1,"216":1,"217":1,"218":1,"219":1,"220":0,"221":0,"222":0,"223":1,"224":1,"225":1,"226":1,"228":21,"229":1,"230":1,"231":1,"232":1,"234":21,"235":2,"236":2,"237":2,"238":2,"239":2,"240":1,"241":1,"242":1,"243":1,"244":2,"245":2,"246":2,"247":2,"248":0,"249":0,"250":2,"251":2,"252":2,"253":2,"255":26,"256":26,"258":26,"259":26,"260":26,"261":26,"262":26,"263":26,"264":26,"265":26,"267":26,"268":26,"269":26,"270":26,"271":84,"272":84,"273":84,"274":84,"275":84,"277":84,"278":84,"279":26,"280":26,"281":26,"282":26,"283":26,"284":26,"285":0,"286":0,"287":0,"289":21,"291":26,"292":26,"293":26,"294":26,"295":26,"296":26,"297":0,"299":0,"301":26,"302":26,"303":26,"304":0,"305":0,"306":0,"307":0,"308":0,"310":26,"311":26,"313":26,"314":26,"315":26,"317":26,"318":26,"319":26,"320":26,"321":26,"322":26,"323":26,"324":26,"325":26,"326":26,"327":26,"328":26,"329":26,"330":26,"331":26,"333":26,"334":26,"335":26,"336":2,"338":2,"340":26,"341":26,"342":26,"343":26,"344":26,"345":26,"346":26,"347":26,"348":2,"349":2,"350":2,"351":2,"352":2,"353":2,"354":2,"356":2,"357":2,"359":26,"360":26,"361":26,"363":26,"364":26,"365":26,"366":1,"367":1,"368":1,"369":1,"370":26,"371":26,"372":26,"373":26,"374":16,"376":16,"377":16,"378":16,"379":16,"380":16,"381":16,"382":1,"384":16,"385":16,"387":26,"388":5,"390":5,"391":5,"392":5,"393":5,"394":5,"395":5,"396":5,"397":5,"399":26,"400":5,"402":5,"403":5,"404":5,"405":5,"406":5,"407":5,"409":26,"410":0,"411":0,"413":0,"414":0,"415":0,"416":0,"417":0,"418":0,"419":0,"421":0,"422":0,"423":0,"424":0,"425":0,"426":0,"427":0,"429":0,"430":0,"431":0,"432":0,"433":0,"434":0,"435":0,"437":26,"439":26,"440":26,"441":26,"442":26,"443":26,"444":26,"445":26,"446":26,"448":26},"branchMap":{"0":{"type":"branch","line":38,"loc":{"start":{"line":38,"column":0},"end":{"line":44,"column":1}},"locations":[{"start":{"line":38,"column":0},"end":{"line":44,"column":1}}]},"1":{"type":"branch","line":43,"loc":{"start":{"line":43,"column":25},"end":{"line":43,"column":44}},"locations":[{"start":{"line":43,"column":25},"end":{"line":43,"column":44}}]},"2":{"type":"branch","line":41,"loc":{"start":{"line":41,"column":9},"end":{"line":41,"column":32}},"locations":[{"start":{"line":41,"column":9},"end":{"line":41,"column":32}}]},"3":{"type":"branch","line":42,"loc":{"start":{"line":42,"column":12},"end":{"line":42,"column":39}},"locations":[{"start":{"line":42,"column":12},"end":{"line":42,"column":39}}]},"4":{"type":"branch","line":46,"loc":{"start":{"line":46,"column":7},"end":{"line":449,"column":1}},"locations":[{"start":{"line":46,"column":7},"end":{"line":449,"column":1}}]},"5":{"type":"branch","line":124,"loc":{"start":{"line":124,"column":14},"end":{"line":126,"column":3}},"locations":[{"start":{"line":124,"column":14},"end":{"line":126,"column":3}}]},"6":{"type":"branch","line":126,"loc":{"start":{"line":126,"column":2},"end":{"line":256,"column":42}},"locations":[{"start":{"line":126,"column":2},"end":{"line":256,"column":42}}]},"7":{"type":"branch","line":256,"loc":{"start":{"line":256,"column":31},"end":{"line":256,"column":51}},"locations":[{"start":{"line":256,"column":31},"end":{"line":256,"column":51}}]},"8":{"type":"branch","line":256,"loc":{"start":{"line":256,"column":42},"end":{"line":256,"column":61}},"locations":[{"start":{"line":256,"column":42},"end":{"line":256,"column":61}}]},"9":{"type":"branch","line":285,"loc":{"start":{"line":285,"column":13},"end":{"line":288,"column":18}},"locations":[{"start":{"line":285,"column":13},"end":{"line":288,"column":18}}]},"10":{"type":"branch","line":288,"loc":{"start":{"line":288,"column":14},"end":{"line":290,"column":92}},"locations":[{"start":{"line":288,"column":14},"end":{"line":290,"column":92}}]},"11":{"type":"branch","line":295,"loc":{"start":{"line":295,"column":15},"end":{"line":295,"column":62}},"locations":[{"start":{"line":295,"column":15},"end":{"line":295,"column":62}}]},"12":{"type":"branch","line":295,"loc":{"start":{"line":295,"column":39},"end":{"line":295,"column":73}},"locations":[{"start":{"line":295,"column":39},"end":{"line":295,"column":73}}]},"13":{"type":"branch","line":297,"loc":{"start":{"line":297,"column":13},"end":{"line":297,"column":78}},"locations":[{"start":{"line":297,"column":13},"end":{"line":297,"column":78}}]},"14":{"type":"branch","line":297,"loc":{"start":{"line":297,"column":69},"end":{"line":300,"column":23}},"locations":[{"start":{"line":297,"column":69},"end":{"line":300,"column":23}}]},"15":{"type":"branch","line":303,"loc":{"start":{"line":303,"column":11},"end":{"line":303,"column":94}},"locations":[{"start":{"line":303,"column":11},"end":{"line":303,"column":94}}]},"16":{"type":"branch","line":304,"loc":{"start":{"line":304,"column":11},"end":{"line":304,"column":45}},"locations":[{"start":{"line":304,"column":11},"end":{"line":304,"column":45}}]},"17":{"type":"branch","line":304,"loc":{"start":{"line":304,"column":27},"end":{"line":304,"column":90}},"locations":[{"start":{"line":304,"column":27},"end":{"line":304,"column":90}}]},"18":{"type":"branch","line":304,"loc":{"start":{"line":304,"column":84},"end":{"line":309,"column":17}},"locations":[{"start":{"line":304,"column":84},"end":{"line":309,"column":17}}]},"19":{"type":"branch","line":314,"loc":{"start":{"line":314,"column":29},"end":{"line":314,"column":41}},"locations":[{"start":{"line":314,"column":29},"end":{"line":314,"column":41}}]},"20":{"type":"branch","line":319,"loc":{"start":{"line":319,"column":24},"end":{"line":319,"column":42}},"locations":[{"start":{"line":319,"column":24},"end":{"line":319,"column":42}}]},"21":{"type":"branch","line":334,"loc":{"start":{"line":334,"column":17},"end":{"line":334,"column":66}},"locations":[{"start":{"line":334,"column":17},"end":{"line":334,"column":66}}]},"22":{"type":"branch","line":334,"loc":{"start":{"line":334,"column":43},"end":{"line":334,"column":80}},"locations":[{"start":{"line":334,"column":43},"end":{"line":334,"column":80}}]},"23":{"type":"branch","line":336,"loc":{"start":{"line":336,"column":15},"end":{"line":339,"column":25}},"locations":[{"start":{"line":336,"column":15},"end":{"line":339,"column":25}}]},"24":{"type":"branch","line":345,"loc":{"start":{"line":345,"column":24},"end":{"line":345,"column":37}},"locations":[{"start":{"line":345,"column":24},"end":{"line":345,"column":37}}]},"25":{"type":"branch","line":348,"loc":{"start":{"line":348,"column":11},"end":{"line":358,"column":18}},"locations":[{"start":{"line":348,"column":11},"end":{"line":358,"column":18}}]},"26":{"type":"branch","line":357,"loc":{"start":{"line":357,"column":32},"end":{"line":357,"column":89}},"locations":[{"start":{"line":357,"column":32},"end":{"line":357,"column":89}}]},"27":{"type":"branch","line":360,"loc":{"start":{"line":360,"column":11},"end":{"line":360,"column":98}},"locations":[{"start":{"line":360,"column":11},"end":{"line":360,"column":98}}]},"28":{"type":"branch","line":374,"loc":{"start":{"line":374,"column":34},"end":{"line":386,"column":18}},"locations":[{"start":{"line":374,"column":34},"end":{"line":386,"column":18}}]},"29":{"type":"branch","line":381,"loc":{"start":{"line":381,"column":26},"end":{"line":381,"column":53}},"locations":[{"start":{"line":381,"column":26},"end":{"line":381,"column":53}}]},"30":{"type":"branch","line":388,"loc":{"start":{"line":388,"column":34},"end":{"line":398,"column":18}},"locations":[{"start":{"line":388,"column":34},"end":{"line":398,"column":18}}]},"31":{"type":"branch","line":395,"loc":{"start":{"line":395,"column":26},"end":{"line":395,"column":41}},"locations":[{"start":{"line":395,"column":26},"end":{"line":395,"column":41}}]},"32":{"type":"branch","line":400,"loc":{"start":{"line":400,"column":34},"end":{"line":408,"column":18}},"locations":[{"start":{"line":400,"column":34},"end":{"line":408,"column":18}}]},"33":{"type":"branch","line":410,"loc":{"start":{"line":410,"column":34},"end":{"line":436,"column":13}},"locations":[{"start":{"line":410,"column":34},"end":{"line":436,"column":13}}]},"34":{"type":"branch","line":440,"loc":{"start":{"line":440,"column":32},"end":{"line":440,"column":45}},"locations":[{"start":{"line":440,"column":32},"end":{"line":440,"column":45}}]},"35":{"type":"branch","line":442,"loc":{"start":{"line":442,"column":9},"end":{"line":442,"column":56}},"locations":[{"start":{"line":442,"column":9},"end":{"line":442,"column":56}}]},"36":{"type":"branch","line":444,"loc":{"start":{"line":444,"column":11},"end":{"line":444,"column":41}},"locations":[{"start":{"line":444,"column":11},"end":{"line":444,"column":41}}]},"37":{"type":"branch","line":444,"loc":{"start":{"line":444,"column":21},"end":{"line":444,"column":50}},"locations":[{"start":{"line":444,"column":21},"end":{"line":444,"column":50}}]},"38":{"type":"branch","line":47,"loc":{"start":{"line":47,"column":27},"end":{"line":47,"column":53}},"locations":[{"start":{"line":47,"column":27},"end":{"line":47,"column":53}}]},"39":{"type":"branch","line":48,"loc":{"start":{"line":48,"column":32},"end":{"line":48,"column":59}},"locations":[{"start":{"line":48,"column":32},"end":{"line":48,"column":59}}]},"40":{"type":"branch","line":49,"loc":{"start":{"line":49,"column":46},"end":{"line":49,"column":82}},"locations":[{"start":{"line":49,"column":46},"end":{"line":49,"column":82}}]},"41":{"type":"branch","line":50,"loc":{"start":{"line":50,"column":47},"end":{"line":50,"column":84}},"locations":[{"start":{"line":50,"column":47},"end":{"line":50,"column":84}}]},"42":{"type":"branch","line":69,"loc":{"start":{"line":69,"column":12},"end":{"line":122,"column":5}},"locations":[{"start":{"line":69,"column":12},"end":{"line":122,"column":5}}]},"43":{"type":"branch","line":70,"loc":{"start":{"line":70,"column":16},"end":{"line":72,"column":5}},"locations":[{"start":{"line":70,"column":16},"end":{"line":72,"column":5}}]},"44":{"type":"branch","line":72,"loc":{"start":{"line":72,"column":4},"end":{"line":73,"column":31}},"locations":[{"start":{"line":72,"column":4},"end":{"line":73,"column":31}}]},"45":{"type":"branch","line":73,"loc":{"start":{"line":73,"column":31},"end":{"line":94,"column":11}},"locations":[{"start":{"line":73,"column":31},"end":{"line":94,"column":11}}]},"46":{"type":"branch","line":77,"loc":{"start":{"line":77,"column":19},"end":{"line":77,"column":30}},"locations":[{"start":{"line":77,"column":19},"end":{"line":77,"column":30}}]},"47":{"type":"branch","line":79,"loc":{"start":{"line":79,"column":21},"end":{"line":79,"column":34}},"locations":[{"start":{"line":79,"column":21},"end":{"line":79,"column":34}}]},"48":{"type":"branch","line":80,"loc":{"start":{"line":80,"column":35},"end":{"line":80,"column":69}},"locations":[{"start":{"line":80,"column":35},"end":{"line":80,"column":69}}]},"49":{"type":"branch","line":89,"loc":{"start":{"line":89,"column":20},"end":{"line":89,"column":32}},"locations":[{"start":{"line":89,"column":20},"end":{"line":89,"column":32}}]},"50":{"type":"branch","line":90,"loc":{"start":{"line":90,"column":19},"end":{"line":90,"column":37}},"locations":[{"start":{"line":90,"column":19},"end":{"line":90,"column":37}}]},"51":{"type":"branch","line":93,"loc":{"start":{"line":93,"column":38},"end":{"line":93,"column":45}},"locations":[{"start":{"line":93,"column":38},"end":{"line":93,"column":45}}]},"52":{"type":"branch","line":94,"loc":{"start":{"line":94,"column":4},"end":{"line":114,"column":5}},"locations":[{"start":{"line":94,"column":4},"end":{"line":114,"column":5}}]},"53":{"type":"branch","line":114,"loc":{"start":{"line":114,"column":4},"end":{"line":121,"column":38}},"locations":[{"start":{"line":114,"column":4},"end":{"line":121,"column":38}}]},"54":{"type":"branch","line":128,"loc":{"start":{"line":128,"column":23},"end":{"line":133,"column":4}},"locations":[{"start":{"line":128,"column":23},"end":{"line":133,"column":4}}]},"55":{"type":"branch","line":129,"loc":{"start":{"line":129,"column":12},"end":{"line":132,"column":6}},"locations":[{"start":{"line":129,"column":12},"end":{"line":132,"column":6}}]},"56":{"type":"branch","line":198,"loc":{"start":{"line":198,"column":33},"end":{"line":227,"column":4}},"locations":[{"start":{"line":198,"column":33},"end":{"line":227,"column":4}}]},"57":{"type":"branch","line":202,"loc":{"start":{"line":202,"column":33},"end":{"line":202,"column":45}},"locations":[{"start":{"line":202,"column":33},"end":{"line":202,"column":45}}]},"58":{"type":"branch","line":203,"loc":{"start":{"line":203,"column":9},"end":{"line":203,"column":39}},"locations":[{"start":{"line":203,"column":9},"end":{"line":203,"column":39}}]},"59":{"type":"branch","line":203,"loc":{"start":{"line":203,"column":21},"end":{"line":203,"column":52}},"locations":[{"start":{"line":203,"column":21},"end":{"line":203,"column":52}}]},"60":{"type":"branch","line":203,"loc":{"start":{"line":203,"column":40},"end":{"line":203,"column":62}},"locations":[{"start":{"line":203,"column":40},"end":{"line":203,"column":62}}]},"61":{"type":"branch","line":203,"loc":{"start":{"line":203,"column":62},"end":{"line":206,"column":5}},"locations":[{"start":{"line":203,"column":62},"end":{"line":206,"column":5}}]},"62":{"type":"branch","line":211,"loc":{"start":{"line":211,"column":19},"end":{"line":211,"column":30}},"locations":[{"start":{"line":211,"column":19},"end":{"line":211,"column":30}}]},"63":{"type":"branch","line":217,"loc":{"start":{"line":217,"column":17},"end":{"line":217,"column":51}},"locations":[{"start":{"line":217,"column":17},"end":{"line":217,"column":51}}]},"64":{"type":"branch","line":220,"loc":{"start":{"line":220,"column":4},"end":{"line":224,"column":6}},"locations":[{"start":{"line":220,"column":4},"end":{"line":224,"column":6}}]},"65":{"type":"branch","line":229,"loc":{"start":{"line":229,"column":32},"end":{"line":233,"column":4}},"locations":[{"start":{"line":229,"column":32},"end":{"line":233,"column":4}}]},"66":{"type":"branch","line":235,"loc":{"start":{"line":235,"column":23},"end":{"line":254,"column":4}},"locations":[{"start":{"line":235,"column":23},"end":{"line":254,"column":4}}]},"67":{"type":"branch","line":240,"loc":{"start":{"line":240,"column":35},"end":{"line":244,"column":7}},"locations":[{"start":{"line":240,"column":35},"end":{"line":244,"column":7}}]},"68":{"type":"branch","line":248,"loc":{"start":{"line":248,"column":4},"end":{"line":251,"column":6}},"locations":[{"start":{"line":248,"column":4},"end":{"line":251,"column":6}}]},"69":{"type":"branch","line":271,"loc":{"start":{"line":271,"column":25},"end":{"line":279,"column":21}},"locations":[{"start":{"line":271,"column":25},"end":{"line":279,"column":21}}]},"70":{"type":"branch","line":275,"loc":{"start":{"line":275,"column":52},"end":{"line":275,"column":74}},"locations":[{"start":{"line":275,"column":52},"end":{"line":275,"column":74}}]},"71":{"type":"branch","line":275,"loc":{"start":{"line":275,"column":63},"end":{"line":275,"column":76}},"locations":[{"start":{"line":275,"column":63},"end":{"line":275,"column":76}}]},"72":{"type":"branch","line":314,"loc":{"start":{"line":314,"column":51},"end":{"line":314,"column":104}},"locations":[{"start":{"line":314,"column":51},"end":{"line":314,"column":104}}]},"73":{"type":"branch","line":320,"loc":{"start":{"line":320,"column":22},"end":{"line":320,"column":81}},"locations":[{"start":{"line":320,"column":22},"end":{"line":320,"column":81}}]},"74":{"type":"branch","line":346,"loc":{"start":{"line":346,"column":22},"end":{"line":346,"column":76}},"locations":[{"start":{"line":346,"column":22},"end":{"line":346,"column":76}}]},"75":{"type":"branch","line":366,"loc":{"start":{"line":366,"column":22},"end":{"line":370,"column":14}},"locations":[{"start":{"line":366,"column":22},"end":{"line":370,"column":14}}]},"76":{"type":"branch","line":382,"loc":{"start":{"line":382,"column":24},"end":{"line":383,"column":120}},"locations":[{"start":{"line":382,"column":24},"end":{"line":383,"column":120}}]},"77":{"type":"branch","line":383,"loc":{"start":{"line":383,"column":76},"end":{"line":383,"column":93}},"locations":[{"start":{"line":383,"column":76},"end":{"line":383,"column":93}}]},"78":{"type":"branch","line":396,"loc":{"start":{"line":396,"column":24},"end":{"line":396,"column":128}},"locations":[{"start":{"line":396,"column":24},"end":{"line":396,"column":128}}]},"79":{"type":"branch","line":396,"loc":{"start":{"line":396,"column":83},"end":{"line":396,"column":100}},"locations":[{"start":{"line":396,"column":83},"end":{"line":396,"column":100}}]},"80":{"type":"branch","line":440,"loc":{"start":{"line":440,"column":55},"end":{"line":440,"column":109}},"locations":[{"start":{"line":440,"column":55},"end":{"line":440,"column":109}}]}},"b":{"0":[1],"1":[0],"2":[2],"3":[2],"4":[26],"5":[5],"6":[21],"7":[15],"8":[6],"9":[0],"10":[21],"11":[0],"12":[21],"13":[0],"14":[0],"15":[0],"16":[0],"17":[0],"18":[0],"19":[0],"20":[0],"21":[1],"22":[20],"23":[2],"24":[0],"25":[2],"26":[0],"27":[0],"28":[16],"29":[0],"30":[5],"31":[2],"32":[5],"33":[0],"34":[0],"35":[0],"36":[2],"37":[19],"38":[83],"39":[83],"40":[82],"41":[82],"42":[8],"43":[5],"44":[3],"45":[1],"46":[0],"47":[0],"48":[0],"49":[0],"50":[0],"51":[0],"52":[2],"53":[3],"54":[12],"55":[12],"56":[1],"57":[0],"58":[0],"59":[0],"60":[0],"61":[0],"62":[0],"63":[0],"64":[0],"65":[1],"66":[2],"67":[1],"68":[0],"69":[84],"70":[21],"71":[63],"72":[3],"73":[1],"74":[1],"75":[1],"76":[1],"77":[0],"78":[1],"79":[0],"80":[2]},"fnMap":{"0":{"name":"parseTags","decl":{"start":{"line":38,"column":0},"end":{"line":44,"column":1}},"loc":{"start":{"line":38,"column":0},"end":{"line":44,"column":1}},"line":38},"1":{"name":"NodeModal","decl":{"start":{"line":46,"column":7},"end":{"line":449,"column":1}},"loc":{"start":{"line":46,"column":7},"end":{"line":449,"column":1}},"line":46},"2":{"name":"handleChange","decl":{"start":{"line":128,"column":23},"end":{"line":133,"column":4}},"loc":{"start":{"line":128,"column":23},"end":{"line":133,"column":4}},"line":128},"3":{"name":"applyTypeDefaults","decl":{"start":{"line":135,"column":28},"end":{"line":156,"column":4}},"loc":{"start":{"line":135,"column":28},"end":{"line":156,"column":4}},"line":135},"4":{"name":"handleTypeChange","decl":{"start":{"line":158,"column":27},"end":{"line":160,"column":4}},"loc":{"start":{"line":158,"column":27},"end":{"line":160,"column":4}},"line":158},"5":{"name":"handleClassification","decl":{"start":{"line":162,"column":31},"end":{"line":190,"column":4}},"loc":{"start":{"line":162,"column":31},"end":{"line":190,"column":4}},"line":162},"6":{"name":"applyClassification","decl":{"start":{"line":192,"column":30},"end":{"line":196,"column":4}},"loc":{"start":{"line":192,"column":30},"end":{"line":196,"column":4}},"line":192},"7":{"name":"handleSectorSuggestion","decl":{"start":{"line":198,"column":33},"end":{"line":227,"column":4}},"loc":{"start":{"line":198,"column":33},"end":{"line":227,"column":4}},"line":198},"8":{"name":"applySectorSuggestion","decl":{"start":{"line":229,"column":32},"end":{"line":233,"column":4}},"loc":{"start":{"line":229,"column":32},"end":{"line":233,"column":4}},"line":229},"9":{"name":"handleSubmit","decl":{"start":{"line":235,"column":23},"end":{"line":254,"column":4}},"loc":{"start":{"line":235,"column":23},"end":{"line":254,"column":4}},"line":235},"10":{"name":"onClick","decl":{"start":{"line":276,"column":23},"end":{"line":276,"column":56}},"loc":{"start":{"line":276,"column":23},"end":{"line":276,"column":56}},"line":276},"11":{"name":"onChange","decl":{"start":{"line":314,"column":51},"end":{"line":314,"column":104}},"loc":{"start":{"line":314,"column":51},"end":{"line":314,"column":104}},"line":314},"12":{"name":"onChange","decl":{"start":{"line":320,"column":22},"end":{"line":320,"column":81}},"loc":{"start":{"line":320,"column":22},"end":{"line":320,"column":81}},"line":320},"13":{"name":"onChange","decl":{"start":{"line":346,"column":22},"end":{"line":346,"column":76}},"loc":{"start":{"line":346,"column":22},"end":{"line":346,"column":76}},"line":346},"14":{"name":"onChange","decl":{"start":{"line":366,"column":22},"end":{"line":370,"column":14}},"loc":{"start":{"line":366,"column":22},"end":{"line":370,"column":14}},"line":366},"15":{"name":"onChange","decl":{"start":{"line":382,"column":24},"end":{"line":383,"column":120}},"loc":{"start":{"line":382,"column":24},"end":{"line":383,"column":120}},"line":382},"16":{"name":"onChange","decl":{"start":{"line":396,"column":24},"end":{"line":396,"column":128}},"loc":{"start":{"line":396,"column":24},"end":{"line":396,"column":128}},"line":396},"17":{"name":"onChange","decl":{"start":{"line":406,"column":24},"end":{"line":406,"column":92}},"loc":{"start":{"line":406,"column":24},"end":{"line":406,"column":92}},"line":406},"18":{"name":"onChange","decl":{"start":{"line":417,"column":26},"end":{"line":417,"column":96}},"loc":{"start":{"line":417,"column":26},"end":{"line":417,"column":96}},"line":417},"19":{"name":"onChange","decl":{"start":{"line":425,"column":26},"end":{"line":425,"column":94}},"loc":{"start":{"line":425,"column":26},"end":{"line":425,"column":94}},"line":425},"20":{"name":"onChange","decl":{"start":{"line":430,"column":62},"end":{"line":430,"column":117}},"loc":{"start":{"line":430,"column":62},"end":{"line"
[...]
6,"71":6,"72":6,"73":3,"75":6,"76":1,"77":1,"79":3,"80":1,"82":1,"84":1,"85":1,"86":1,"87":1,"88":1,"89":1},"branchMap":{"0":{"type":"branch","line":16,"loc":{"start":{"line":16,"column":7},"end":{"line":90,"column":1}},"locations":[{"start":{"line":16,"column":7},"end":{"line":90,"column":1}}]},"1":{"type":"branch","line":17,"loc":{"start":{"line":17,"column":22},"end":{"line":19,"column":3}},"locations":[{"start":{"line":17,"column":22},"end":{"line":19,"column":3}}]},"2":{"type":"branch","line":88,"loc":{"start":{"line":88,"column":37},"end":{"line":88,"column":47}},"locations":[{"start":{"line":88,"column":37},"end":{"line":88,"column":47}}]},"3":{"type":"branch","line":22,"loc":{"start":{"line":22,"column":16},"end":{"line":24,"column":3}},"locations":[{"start":{"line":22,"column":16},"end":{"line":24,"column":3}}]},"4":{"type":"branch","line":26,"loc":{"start":{"line":26,"column":16},"end":{"line":33,"column":3}},"locations":[{"start":{"line":26,"column":16},"end":{"line":33,"column":3}}]},"5":{"type":"branch","line":39,"loc":{"start":{"line":39,"column":16},"end":{"line":81,"column":3}},"locations":[{"start":{"line":39,"column":16},"end":{"line":81,"column":3}}]},"6":{"type":"branch","line":40,"loc":{"start":{"line":40,"column":30},"end":{"line":47,"column":29}},"locations":[{"start":{"line":40,"column":30},"end":{"line":47,"column":29}}]},"7":{"type":"branch","line":51,"loc":{"start":{"line":51,"column":22},"end":{"line":53,"column":7}},"locations":[{"start":{"line":51,"column":22},"end":{"line":53,"column":7}}]},"8":{"type":"branch","line":60,"loc":{"start":{"line":60,"column":4},"end":{"line":76,"column":33}},"locations":[{"start":{"line":60,"column":4},"end":{"line":76,"column":33}}]},"9":{"type":"branch","line":76,"loc":{"start":{"line":76,"column":27},"end":{"line":76,"column":75}},"locations":[{"start":{"line":76,"column":27},"end":{"line":76,"column":75}}]},"10":{"type":"branch","line":76,"loc":{"start":{"line":76,"column":57},"end":{"line":76,"column":72}},"locations":[{"start":{"line":76,"column":57},"end":{"line":76,"column":72}}]},"11":{"type":"branch","line":76,"loc":{"start":{"line":76,"column":75},"end":{"line":78,"column":5}},"locations":[{"start":{"line":76,"column":75},"end":{"line":78,"column":5}}]},"12":{"type":"branch","line":78,"loc":{"start":{"line":78,"column":4},"end":{"line":80,"column":29}},"locations":[{"start":{"line":78,"column":4},"end":{"line":80,"column":29}}]},"13":{"type":"branch","line":54,"loc":{"start":{"line":54,"column":24},"end":{"line":59,"column":7}},"locations":[{"start":{"line":54,"column":24},"end":{"line":59,"column":7}}]},"14":{"type":"branch","line":55,"loc":{"start":{"line":55,"column":36},"end":{"line":58,"column":9}},"locations":[{"start":{"line":55,"column":36},"end":{"line":58,"column":9}}]},"15":{"type":"branch","line":69,"loc":{"start":{"line":69,"column":22},"end":{"line":74,"column":5}},"locations":[{"start":{"line":69,"column":22},"end":{"line":74,"column":5}}]},"16":{"type":"branch","line":72,"loc":{"start":{"line":72,"column":75},"end":{"line":72,"column":85}},"locations":[{"start":{"line":72,"column":75},"end":{"line":72,"column":85}}]},"17":{"type":"branch","line":70,"loc":{"start":{"line":70,"column":31},"end":{"line":70,"column":69}},"locations":[{"start":{"line":70,"column":31},"end":{"line":70,"column":69}}]},"18":{"type":"branch","line":83,"loc":{"start":{"line":83,"column":16},"end":{"line":83,"column":41}},"locations":[{"start":{"line":83,"column":16},"end":{"line":83,"column":41}}]}},"b":{"0":[1],"1":[0],"2":[0],"3":[6],"4":[3],"5":[6],"6":[3],"7":[0],"8":[3],"9":[1],"10":[0],"11":[1],"12":[3],"13":[6],"14":[3],"15":[6],"16":[5],"17":[21],"18":[2]},"fnMap":{"0":{"name":"computeClusterStats","decl":{"start":{"line":16,"column":7},"end":{"line":90,"column":1}},"loc":{"start":{"line":16,"column":7},"end":{"line":90,"column":1}},"line":16}},"f":{"0":1}}
,"C:\\Users\\Fahri\\OneDrive\\Masaüstü\\oyun\\frontend\\src\\utils\\mindMapLayout.ts": {"path":"C:\\Users\\Fahri\\OneDrive\\Masaüstü\\oyun\\frontend\\src\\utils\\mindMapLayout.ts","all":false,"statementMap":{"0":{"start":{"line":1,"column":0},"end":{"line":1,"column":38}},"6":{"start":{"line":7,"column":0},"end":{"line":7,"column":48}},"7":{"start":{"line":8,"column":0},"end":{"line":8,"column":27}},"8":{"start":{"line":9,"column":0},"end":{"line":9,"column":25}},"9":{"start":{"line":10,"column":0},"end":{"line":10,"column":28}},"10":{"start":{"line":11,"column":0},"end":{"line":11,"column":27}},"11":{"start":{"line":12,"column":0},"end":{"line":12,"column":2}},"13":{"start":{"line":14,"column":0},"end":{"line":14,"column":109}},"20":{"start":{"line":21,"column":0},"end":{"line":21,"column":102}},"21":{"start":{"line":22,"column":0},"end":{"line":22,"column":23}},"22":{"start":{"line":23,"column":0},"end":{"line":23,"column":14}},"23":{"start":{"line":24,"column":0},"end":{"line":24,"column":3}},"26":{"start":{"line":27,"column":0},"end":{"line":27,"column":104}},"28":{"start":{"line":29,"column":0},"end":{"line":29,"column":53}},"29":{"start":{"line":30,"column":0},"end":{"line":30,"column":28}},"30":{"start":{"line":31,"column":0},"end":{"line":31,"column":26}},"31":{"start":{"line":32,"column":0},"end":{"line":32,"column":29}},"32":{"start":{"line":33,"column":0},"end":{"line":33,"column":28}},"33":{"start":{"line":34,"column":0},"end":{"line":34,"column":4}},"35":{"start":{"line":36,"column":0},"end":{"line":36,"column":27}},"36":{"start":{"line":37,"column":0},"end":{"line":37,"column":29}},"37":{"start":{"line":38,"column":0},"end":{"line":38,"column":36}},"38":{"start":{"line":39,"column":0},"end":{"line":39,"column":5}},"39":{"start":{"line":40,"column":0},"end":{"line":40,"column":5}},"41":{"start":{"line":42,"column":0},"end":{"line":42,"column":36}},"43":{"start":{"line":44,"column":0},"end":{"line":44,"column":46}},"44":{"start":{"line":45,"column":0},"end":{"line":45,"column":32}},"45":{"start":{"line":46,"column":0},"end":{"line":46,"column":39}},"46":{"start":{"line":47,"column":0},"end":{"line":47,"column":13}},"47":{"start":{"line":48,"column":0},"end":{"line":48,"column":5}},"49":{"start":{"line":50,"column":0},"end":{"line":50,"column":89}},"50":{"start":{"line":51,"column":0},"end":{"line":51,"column":82}},"51":{"start":{"line":52,"column":0},"end":{"line":52,"column":64}},"52":{"start":{"line":53,"column":0},"end":{"line":53,"column":76}},"54":{"start":{"line":55,"column":0},"end":{"line":55,"column":37}},"55":{"start":{"line":56,"column":0},"end":{"line":56,"column":57}},"56":{"start":{"line":57,"column":0},"end":{"line":57,"column":45}},"57":{"start":{"line":58,"column":0},"end":{"line":58,"column":45}},"58":{"start":{"line":59,"column":0},"end":{"line":59,"column":28}},"59":{"start":{"line":60,"column":0},"end":{"line":60,"column":43}},"60":{"start":{"line":61,"column":0},"end":{"line":61,"column":43}},"61":{"start":{"line":62,"column":0},"end":{"line":62,"column":8}},"62":{"start":{"line":63,"column":0},"end":{"line":63,"column":7}},"63":{"start":{"line":64,"column":0},"end":{"line":64,"column":5}},"65":{"start":{"line":66,"column":0},"end":{"line":66,"column":48}},"66":{"start":{"line":67,"column":0},"end":{"line":67,"column":33}},"67":{"start":{"line":68,"column":0},"end":{"line":68,"column":14}},"68":{"start":{"line":69,"column":0},"end":{"line":69,"column":3}},"70":{"start":{"line":71,"column":0},"end":{"line":71,"column":64}},"71":{"start":{"line":72,"column":0},"end":{"line":72,"column":64}},"72":{"start":{"line":73,"column":0},"end":{"line":73,"column":44}},"73":{"start":{"line":74,"column":0},"end":{"line":74,"column":44}},"75":{"start":{"line":76,"column":0},"end":{"line":76,"column":35}},"76":{"start":{"line":77,"column":0},"end":{"line":77,"column":38}},"77":{"start":{"line":78,"column":0},"end":{"line":78,"column":20}},"78":{"start":{"line":79,"column":0},"end":{"line":79,"column":37}},"79":{"start":{"line":80,"column":0},"end":{"line":80,"column":37}},"80":{"start":{"line":81,"column":0},"end":{"line":81,"column":6}},"81":{"start":{"line":82,"column":0},"end":{"line":82,"column":5}},"83":{"start":{"line":84,"column":0},"end":{"line":84,"column":18}},"84":{"start":{"line":85,"column":0},"end":{"line":85,"column":1}}},"s":{"0":1,"6":1,"7":1,"8":1,"9":1,"10":1,"11":1,"13":1,"20":1,"21":1,"22":0,"23":0,"26":1,"28":1,"29":1,"30":1,"31":1,"32":1,"33":1,"35":1,"36":6,"37":6,"38":6,"39":1,"41":1,"43":1,"44":4,"45":4,"46":0,"47":0,"49":4,"50":4,"51":4,"52":4,"54":4,"55":6,"56":6,"57":6,"58":6,"59":6,"60":6,"61":6,"62":4,"63":1,"65":1,"66":1,"67":0,"68":0,"70":1,"71":1,"72":1,"73":1,"75":1,"76":1,"77":6,"78":6,"79":6,"80":6,"81":1,"83":1,"84":1},"branchMap":{"0":{"type":"branch","line":21,"loc":{"start":{"line":21,"column":7},"end":{"line":85,"column":1}},"locations":[{"start":{"line":21,"column":7},"end":{"line":85,"column":1}}]},"1":{"type":"branch","line":22,"loc":{"start":{"line":22,"column":22},"end":{"line":24,"column":3}},"locations":[{"start":{"line":22,"column":22},"end":{"line":24,"column":3}}]},"2":{"type":"branch","line":67,"loc":{"start":{"line":67,"column":32},"end":{"line":69,"column":3}},"locations":[{"start":{"line":67,"column":32},"end":{"line":69,"column":3}}]},"3":{"type":"branch","line":73,"loc":{"start":{"line":73,"column":37},"end":{"line":73,"column":44}},"locations":[{"start":{"line":73,"column":37},"end":{"line":73,"column":44}}]},"4":{"type":"branch","line":74,"loc":{"start":{"line":74,"column":37},"end":{"line":74,"column":44}},"locations":[{"start":{"line":74,"column":37},"end":{"line":74,"column":44}}]},"5":{"type":"branch","line":36,"loc":{"start":{"line":36,"column":16},"end":{"line":40,"column":3}},"locations":[{"start":{"line":36,"column":16},"end":{"line":40,"column":3}}]},"6":{"type":"branch","line":44,"loc":{"start":{"line":44,"column":23},"end":{"line":64,"column":3}},"locations":[{"start":{"line":44,"column":23},"end":{"line":64,"column":3}}]},"7":{"type":"branch","line":46,"loc":{"start":{"line":46,"column":38},"end":{"line":48,"column":5}},"locations":[{"start":{"line":46,"column":38},"end":{"line":48,"column":5}}]},"8":{"type":"branch","line":51,"loc":{"start":{"line":51,"column":52},"end":{"line":51,"column":82}},"locations":[{"start":{"line":51,"column":52},"end":{"line":51,"column":82}}]},"9":{"type":"branch","line":52,"loc":{"start":{"line":52,"column":19},"end":{"line":52,"column":45}},"locations":[{"start":{"line":52,"column":19},"end":{"line":52,"column":45}}]},"10":{"type":"branch","line":52,"loc":{"start":{"line":52,"column":41},"end":{"line":52,"column":64}},"locations":[{"start":{"line":52,"column":41},"end":{"line":52,"column":64}}]},"11":{"type":"branch","line":53,"loc":{"start":{"line":53,"column":39},"end":{"line":53,"column":48}},"locations":[{"start":{"line":53,"column":39},"end":{"line":53,"column":48}}]},"12":{"type":"branch","line":53,"loc":{"start":{"line":53,"column":43},"end":{"line":53,"column":76}},"locations":[{"start":{"line":53,"column":43},"end":{"line":53,"column":76}}]},"13":{"type":"branch","line":50,"loc":{"start":{"line":50,"column":35},"end":{"line":50,"column":87}},"locations":[{"start":{"line":50,"column":35},"end":{"line":50,"column":87}}]},"14":{"type":"branch","line":50,"loc":{"start":{"line":50,"column":48},"end":{"line":50,"column":60}},"locations":[{"start":{"line":50,"column":48},"end":{"line":50,"column":60}}]},"15":{"type":"branch","line":50,"loc":{"start":{"line":50,"column":76},"end":{"line":50,"column":86}},"locations":[{"start":{"line":50,"column":76},"end":{"line":50,"column":86}}]},"16":{"type":"branch","line":55,"loc":{"start":{"line":55,"column":19},"end":{"line":63,"column":5}},"locations":[{"start":{"line":55,"column":19},"end":{"line":63,"column":5}}]},"17":{"type":"branch","line":60,"loc":{"start":{"line":60,"column":11},"end":{"line":60,"column":37}},"locations":[{"start":{"line":60,"column":11},"end":{"line":60,"column":37}}]},"18":{"type":"branch","line":60,"loc":{"start":{"line":60,"column":33},"end":{"line":60,"column":43}},"locations":[{"start":{"line":60,"column":33},"end":{"line":60,"column":43}}]},"19":{"type":"branch","line":61,"loc":{"start":{"line":61,"column":11},"end":{"line":61,"column":37}},"locations":[{"start":{"line":61,"column":11},"end":{"line":61,"column":37}}]},"20":{"type":"branch","line":61,"loc":{"start":{"line":61,"column":33},"end":{"line":61,"column":43}},"locations":[{"start":{"line":61,"column":33},"end":{"line":61,"column":43}}]},"21":{"type":"branch","line":71,"loc":{"start":{"line":71,"column":43},"end":{"line":71,"column":61}},"locations":[{"start":{"line":71,"column":43},"end":{"line":71,"column":61}}]},"22":{"type":"branch","line":72,"loc":{"start":{"line":72,"column":43},"end":{"line":72,"column":61}},"locations":[{"start":{"line":72,"column":43},"end":{"line":72,"column":61}}]},"23":{"type":"branch","line":77,"loc":{"start":{"line":77,"column":22},"end":{"line":82,"column":3}},"locations":[{"start":{"line":77,"column":22},"end":{"line":82,"column":3}}]}},"b":{"0":[1],"1":[0],"2":[0],"3":[0],"4":[0],"5":[6],"6":[4],"7":[0],"8":[1],"9":[1],"10":[3],"11":[2],"12":[2],"13":[2],"14":[0],"15":[0],"16":[6],"17":[1],"18":[5],"19":[1],"20":[5],"21":[6],"22":[6],"23":[6]},"fnMap":{"0":{"name":"computeMindMapLayout","decl":{"start":{"line":21,"column":7},"end":{"line":85,"column":1}},"loc":{"start":{"line":21,"column":7},"end":{"line":85,"column":1}},"line":21}},"f":{"0":1}}
,"C:\\Users\\Fahri\\OneDrive\\Masaüstü\\oyun\\frontend\\src\\utils\\nodePayload.ts": {"path":"C:\\Users\\Fahri\\OneDrive\\Masaüstü\\oyun\\frontend\\src\\utils\\nodePayload.ts","all":false,"statementMap":{"2":{"start":{"line":3,"column":0},"end":{"line":3,"column":40}},"3":{"start":{"line":4,"column":0},"end":{"line":4,"column":21}},"4":{"start":{"line":5,"column":0},"end":{"line":5,"column":42}},"5":{"start":{"line":6,"column":0},"end":{"line":6,"column":23}},"6":{"start":{"line":7,"column":0},"end":{"line":7,"column":10}},"7":{"start":{"line":8,"column":0},"end":{"line":8,"column":20}},"8":{"start":{"line":9,"column":0},"end":{"line":9,"column":26}},"9":{"start":{"line":10,"column":0},"end":{"line":10,"column":47}},"10":{"start":{"line":11,"column":0},"end":{"line":11,"column":37}},"11":{"start":{"line":12,"column":0},"end":{"line":12,"column":33}},"12":{"start":{"line":13,"column":0},"end":{"line":13,"column":65}},"13":{"start":{"line":14,"column":0},"end":{"line":14,"column":39}},"14":{"start":{"line":15,"column":0},"end":{"line":15,"column":33}},"15":{"start":{"line":16,"column":0},"end":{"line":16,"column":47}},"16":{"start":{"line":17,"column":0},"end":{"line":17,"column":35}},"17":{"start":{"line":18,"column":0},"end":{"line":18,"column":41}},"18":{"start":{"line":19,"column":0},"end":{"line":19,"column":39}},"19":{"start":{"line":20,"column":0},"end":{"line":20,"column":43}},"20":{"start":{"line":21,"column":0},"end":{"line":21,"column":39}},"21":{"start":{"line":22,"column":0},"end":{"line":22,"column":37}},"22":{"start":{"line":23,"column":0},"end":{"line":23,"column":17}},"23":{"start":{"line":24,"column":0},"end":{"line":24,"column":33}},"24":{"start":{"line":25,"column":0},"end":{"line":25,"column":39}},"25":{"start":{"line":26,"column":0},"end":{"line":26,"column":6}},"26":{"start":{"line":27,"column":0},"end":{"line":27,"column":17}},"27":{"start":{"line":28,"column":0},"end":{"line":28,"column":4}},"28":{"start":{"line":29,"column":0},"end":{"line":29,"column":1}}},"s":{"2":1,"3":3,"4":3,"5":3,"6":3,"7":3,"8":3,"9":3,"10":3,"11":3,"12":3,"13":3,"14":3,"15":3,"16":3,"17":3,"18":3,"19":3,"20":3,"21":3,"22":3,"23":3,"24":3,"25":3,"26":3,"27":3,"28":3},"branchMap":{"0":{"type":"branch","line":3,"loc":{"start":{"line":3,"column":7},"end":{"line":29,"column":1}},"locations":[{"start":{"line":3,"column":7},"end":{"line":29,"column":1}}]},"1":{"type":"branch","line":9,"loc":{"start":{"line":9,"column":15},"end":{"line":9,"column":26}},"locations":[{"start":{"line":9,"column":15},"end":{"line":9,"column":26}}]},"2":{"type":"branch","line":24,"loc":{"start":{"line":24,"column":15},"end":{"line":24,"column":33}},"locations":[{"start":{"line":24,"column":15},"end":{"line":24,"column":33}}]},"3":{"type":"branch","line":25,"loc":{"start":{"line":25,"column":21},"end":{"line":25,"column":39}},"locations":[{"start":{"line":25,"column":21},"end":{"line":25,"column":39}}]}},"b":{"0":[3],"1":[0],"2":[2],"3":[0]},"fnMap":{"0":{"name":"buildNodeRequestPayload","decl":{"start":{"line":3,"column":7},"end":{"line":29,"column":1}},"loc":{"start":{"line":3,"column":7},"end":{"line":29,"column":1}},"line":3}},"f":{"0":3}}
,"C:\\Users\\Fahri\\OneDrive\\Masaüstü\\oyun\\frontend\\src\\utils\\pathInspector.ts": {"path":"C:\\Users\\Fahri\\OneDrive\\Masaüstü\\oyun\\frontend\\src\\utils\\pathInspector.ts","all":false,"statementMap":{"9":{"start":{"line":10,"column":0},"end":{"line":10,"column":115}},"10":{"start":{"line":11,"column":0},"end":{"line":11,"column":59}},"11":{"start":{"line":12,"column":0},"end":{"line":12,"column":14}},"12":{"start":{"line":13,"column":0},"end":{"line":13,"column":3}},"13":{"start":{"line":14,"column":0},"end":{"line":14,"column":64}},"14":{"start":{"line":15,"column":0},"end":{"line":15,"column":16}},"15":{"start":{"line":16,"column":0},"end":{"line":16,"column":18}},"16":{"start":{"line":17,"column":0},"end":{"line":17,"column":35}},"17":{"start":{"line":18,"column":0},"end":{"line":18,"column":18}},"18":{"start":{"line":19,"column":0},"end":{"line":19,"column":20}},"19":{"start":{"line":20,"column":0},"end":{"line":20,"column":7}},"20":{"start":{"line":21,"column":0},"end":{"line":21,"column":14}},"21":{"start":{"line":22,"column":0},"end":{"line":22,"column":11}},"22":{"start":{"line":23,"column":0},"end":{"line":23,"column":42}},"23":{"start":{"line":24,"column":0},"end":{"line":24,"column":24}},"24":{"start":{"line":25,"column":0},"end":{"line":25,"column":28}},"25":{"start":{"line":26,"column":0},"end":{"line":26,"column":8}},"26":{"start":{"line":27,"column":0},"end":{"line":27,"column":6}},"27":{"start":{"line":28,"column":0},"end":{"line":28,"column":66}},"28":{"start":{"line":29,"column":0},"end":{"line":29,"column":1}}},"s":{"9":1,"10":1,"11":0,"12":0,"13":1,"14":1,"15":1,"16":3,"17":3,"18":1,"19":1,"20":2,"21":2,"22":3,"23":3,"24":3,"25":3,"26":1,"27":1,"28":1},"branchMap":{"0":{"type":"branch","line":10,"loc":{"start":{"line":10,"column":7},"end":{"line":29,"column":1}},"locations":[{"start":{"line":10,"column":7},"end":{"line":29,"column":1}}]},"1":{"type":"branch","line":11,"loc":{"start":{"line":11,"column":58},"end":{"line":13,"column":3}},"locations":[{"start":{"line":11,"column":58},"end":{"line":13,"column":3}}]},"2":{"type":"branch","line":14,"loc":{"start":{"line":14,"column":36},"end":{"line":14,"column":61}},"locations":[{"start":{"line":14,"column":36},"end":{"line":14,"column":61}}]},"3":{"type":"branch","line":16,"loc":{"start":{"line":16,"column":9},"end":{"line":27,"column":5}},"locations":[{"start":{"line":16,"column":9},"end":{"line":27,"column":5}}]},"4":{"type":"branch","line":18,"loc":{"start":{"line":18,"column":17},"end":{"line":20,"column":7}},"locations":[{"start":{"line":18,"column":17},"end":{"line":20,"column":7}}]},"5":{"type":"branch","line":20,"loc":{"start":{"line":20,"column":6},"end":{"line":23,"column":27}},"locations":[{"start":{"line":20,"column":6},"end":{"line":23,"column":27}}]},"6":{"type":"branch","line":23,"loc":{"start":{"line":23,"column":19},"end":{"line":23,"column":42}},"locations":[{"start":{"line":23,"column":19},"end":{"line":23,"column":42}}]},"7":{"type":"branch","line":28,"loc":{"start":{"line":28,"column":12},"end":{"line":28,"column":64}},"locations":[{"start":{"line":28,"column":12},"end":{"line":28,"column":64}}]}},"b":{"0":[1],"1":[0],"2":[2],"3":[3],"4":[1],"5":[2],"6":[0],"7":[3]},"fnMap":{"0":{"name":"buildPathDisplay","decl":{"start":{"line":10,"column":7},"end":{"line":29,"column":1}},"loc":{"start":{"line":10,"column":7},"end":{"line":29,"column":1}},"line":10}},"f":{"0":1}}
}
